2024-03-24T14:29:42.322-03:00  INFO 13452 --- [aula-08] [restartedMain] o.aula08.java_faker.Aula08Application    : Starting Aula08Application using Java 21.0.2 with PID 13452 (C:\Users\david\OneDrive\Área de Trabalho\Programaçao\residencia-avancado\240076-david-vinicius-pereira-lima\java-avancado\aula-08\target\classes started by david in C:\Users\david\OneDrive\Área de Trabalho\Programaçao\residencia-avancado\240076-david-vinicius-pereira-lima\java-avancado\aula-08)
2024-03-24T14:29:42.324-03:00  INFO 13452 --- [aula-08] [restartedMain] o.aula08.java_faker.Aula08Application    : No active profile set, falling back to 1 default profile: "default"
2024-03-24T14:29:42.372-03:00  INFO 13452 --- [aula-08] [restartedMain] .e.DevToolsPropertyDefaultsPostProcessor : Devtools property defaults active! Set 'spring.devtools.add-properties' to 'false' to disable
2024-03-24T14:29:42.376-03:00  INFO 13452 --- [aula-08] [restartedMain] .e.DevToolsPropertyDefaultsPostProcessor : For additional web related logging consider setting the 'logging.level.web' property to 'DEBUG'
2024-03-24T14:29:43.060-03:00  INFO 13452 --- [aula-08] [restartedMain] .s.d.r.c.RepositoryConfigurationDelegate : Bootstrapping Spring Data JPA repositories in DEFAULT mode.
2024-03-24T14:29:43.117-03:00  INFO 13452 --- [aula-08] [restartedMain] .s.d.r.c.RepositoryConfigurationDelegate : Finished Spring Data repository scanning in 49 ms. Found 2 JPA repository interfaces.
2024-03-24T14:29:43.616-03:00  INFO 13452 --- [aula-08] [restartedMain] o.s.b.w.embedded.tomcat.TomcatWebServer  : Tomcat initialized with port 8080 (http)
2024-03-24T14:29:43.628-03:00  INFO 13452 --- [aula-08] [restartedMain] o.apache.catalina.core.StandardService   : Starting service [Tomcat]
2024-03-24T14:29:43.628-03:00  INFO 13452 --- [aula-08] [restartedMain] o.apache.catalina.core.StandardEngine    : Starting Servlet engine: [Apache Tomcat/10.1.19]
2024-03-24T14:29:43.675-03:00  INFO 13452 --- [aula-08] [restartedMain] o.a.c.c.C.[Tomcat].[localhost].[/]       : Initializing Spring embedded WebApplicationContext
2024-03-24T14:29:43.676-03:00  INFO 13452 --- [aula-08] [restartedMain] w.s.c.ServletWebServerApplicationContext : Root WebApplicationContext: initialization completed in 1299 ms
2024-03-24T14:29:43.816-03:00  INFO 13452 --- [aula-08] [restartedMain] o.hibernate.jpa.internal.util.LogHelper  : HHH000204: Processing PersistenceUnitInfo [name: default]
2024-03-24T14:29:43.882-03:00  INFO 13452 --- [aula-08] [restartedMain] org.hibernate.Version                    : HHH000412: Hibernate ORM core version 6.4.4.Final
2024-03-24T14:29:43.915-03:00  INFO 13452 --- [aula-08] [restartedMain] o.h.c.internal.RegionFactoryInitiator    : HHH000026: Second-level cache disabled
2024-03-24T14:29:44.163-03:00  INFO 13452 --- [aula-08] [restartedMain] o.s.o.j.p.SpringPersistenceUnitInfo      : No LoadTimeWeaver setup: ignoring JPA class transformer
2024-03-24T14:29:44.198-03:00  INFO 13452 --- [aula-08] [restartedMain] com.zaxxer.hikari.HikariDataSource       : HikariPool-1 - Starting...
2024-03-24T14:29:44.367-03:00  INFO 13452 --- [aula-08] [restartedMain] com.zaxxer.hikari.pool.HikariPool        : HikariPool-1 - Added connection org.postgresql.jdbc.PgConnection@51f7126c
2024-03-24T14:29:44.369-03:00  INFO 13452 --- [aula-08] [restartedMain] com.zaxxer.hikari.HikariDataSource       : HikariPool-1 - Start completed.
2024-03-24T14:29:44.405-03:00  WARN 13452 --- [aula-08] [restartedMain] org.hibernate.orm.deprecation            : HHH90000025: PostgreSQLDialect does not need to be specified explicitly using 'hibernate.dialect' (remove the property setting and it will be selected by default)
2024-03-24T14:29:45.422-03:00  INFO 13452 --- [aula-08] [restartedMain] o.h.e.t.j.p.i.JtaPlatformInitiator       : HHH000489: No JTA platform available (set 'hibernate.transaction.jta.platform' to enable JTA platform integration)
2024-03-24T14:29:45.514-03:00  INFO 13452 --- [aula-08] [restartedMain] j.LocalContainerEntityManagerFactoryBean : Initialized JPA EntityManagerFactory for persistence unit 'default'
2024-03-24T14:29:45.789-03:00  WARN 13452 --- [aula-08] [restartedMain] JpaBaseConfiguration$JpaWebConfiguration : spring.jpa.open-in-view is enabled by default. Therefore, database queries may be performed during view rendering. Explicitly configure spring.jpa.open-in-view to disable this warning
2024-03-24T14:29:45.873-03:00 DEBUG 13452 --- [aula-08] [restartedMain] s.w.s.m.m.a.RequestMappingHandlerMapping : 12 mappings in 'requestMappingHandlerMapping'
2024-03-24T14:29:45.953-03:00 DEBUG 13452 --- [aula-08] [restartedMain] o.s.w.s.handler.SimpleUrlHandlerMapping  : Patterns [/webjars/**, /**] in 'resourceHandlerMapping'
2024-03-24T14:29:45.981-03:00 DEBUG 13452 --- [aula-08] [restartedMain] s.w.s.m.m.a.RequestMappingHandlerAdapter : ControllerAdvice beans: 0 @ModelAttribute, 0 @InitBinder, 1 RequestBodyAdvice, 1 ResponseBodyAdvice
2024-03-24T14:29:46.016-03:00 DEBUG 13452 --- [aula-08] [restartedMain] .m.m.a.ExceptionHandlerExceptionResolver : ControllerAdvice beans: 0 @ExceptionHandler, 1 ResponseBodyAdvice
2024-03-24T14:29:46.115-03:00  INFO 13452 --- [aula-08] [restartedMain] o.s.b.d.a.OptionalLiveReloadServer       : LiveReload server is running on port 35729
2024-03-24T14:29:46.146-03:00  INFO 13452 --- [aula-08] [restartedMain] o.s.b.w.embedded.tomcat.TomcatWebServer  : Tomcat started on port 8080 (http) with context path ''
2024-03-24T14:29:46.152-03:00  INFO 13452 --- [aula-08] [restartedMain] o.aula08.java_faker.Aula08Application    : Started Aula08Application in 4.349 seconds (process running for 5.504)
2024-03-24T14:29:46.154-03:00  INFO 13452 --- [aula-08] [restartedMain] o.aula08.java_faker.Aula08Application    : Application started...
2024-03-24T14:29:56.689-03:00  INFO 13452 --- [aula-08] [File Watcher] rtingClassPathChangeChangedEventListener : Restarting due to 8 class path changes (0 additions, 7 deletions, 1 modification)
2024-03-24T14:29:56.698-03:00  INFO 13452 --- [aula-08] [Thread-5] j.LocalContainerEntityManagerFactoryBean : Closing JPA EntityManagerFactory for persistence unit 'default'
2024-03-24T14:29:56.702-03:00  INFO 13452 --- [aula-08] [Thread-5] com.zaxxer.hikari.HikariDataSource       : HikariPool-1 - Shutdown initiated...
2024-03-24T14:29:56.705-03:00  INFO 13452 --- [aula-08] [Thread-5] com.zaxxer.hikari.HikariDataSource       : HikariPool-1 - Shutdown completed.
2024-03-24T14:29:56.811-03:00  INFO 13452 --- [aula-08] [restartedMain] o.aula08.java_faker.Aula08Application    : Starting Aula08Application using Java 21.0.2 with PID 13452 (C:\Users\david\OneDrive\Área de Trabalho\Programaçao\residencia-avancado\240076-david-vinicius-pereira-lima\java-avancado\aula-08\target\classes started by david in C:\Users\david\OneDrive\Área de Trabalho\Programaçao\residencia-avancado\240076-david-vinicius-pereira-lima\java-avancado\aula-08)
2024-03-24T14:29:56.812-03:00  INFO 13452 --- [aula-08] [restartedMain] o.aula08.java_faker.Aula08Application    : No active profile set, falling back to 1 default profile: "default"
2024-03-24T14:29:57.047-03:00  INFO 13452 --- [aula-08] [restartedMain] .s.d.r.c.RepositoryConfigurationDelegate : Bootstrapping Spring Data JPA repositories in DEFAULT mode.
2024-03-24T14:29:57.048-03:00  INFO 13452 --- [aula-08] [restartedMain] .s.d.r.c.RepositoryConfigurationDelegate : Finished Spring Data repository scanning in 0 ms. Found 0 JPA repository interfaces.
2024-03-24T14:29:57.145-03:00  INFO 13452 --- [aula-08] [restartedMain] o.s.b.w.embedded.tomcat.TomcatWebServer  : Tomcat initialized with port 8080 (http)
2024-03-24T14:29:57.146-03:00  INFO 13452 --- [aula-08] [restartedMain] o.apache.catalina.core.StandardService   : Starting service [Tomcat]
2024-03-24T14:29:57.146-03:00  INFO 13452 --- [aula-08] [restartedMain] o.apache.catalina.core.StandardEngine    : Starting Servlet engine: [Apache Tomcat/10.1.19]
2024-03-24T14:29:57.183-03:00  INFO 13452 --- [aula-08] [restartedMain] o.a.c.c.C.[Tomcat].[localhost].[/]       : Initializing Spring embedded WebApplicationContext
2024-03-24T14:29:57.184-03:00  INFO 13452 --- [aula-08] [restartedMain] w.s.c.ServletWebServerApplicationContext : Root WebApplicationContext: initialization completed in 370 ms
2024-03-24T14:29:57.234-03:00  INFO 13452 --- [aula-08] [restartedMain] o.hibernate.jpa.internal.util.LogHelper  : HHH000204: Processing PersistenceUnitInfo [name: default]
2024-03-24T14:29:57.238-03:00  INFO 13452 --- [aula-08] [restartedMain] o.h.c.internal.RegionFactoryInitiator    : HHH000026: Second-level cache disabled
2024-03-24T14:29:57.247-03:00  INFO 13452 --- [aula-08] [restartedMain] o.s.o.j.p.SpringPersistenceUnitInfo      : No LoadTimeWeaver setup: ignoring JPA class transformer
2024-03-24T14:29:57.248-03:00  INFO 13452 --- [aula-08] [restartedMain] com.zaxxer.hikari.HikariDataSource       : HikariPool-2 - Starting...
2024-03-24T14:29:57.395-03:00  INFO 13452 --- [aula-08] [restartedMain] com.zaxxer.hikari.pool.HikariPool        : HikariPool-2 - Added connection org.postgresql.jdbc.PgConnection@79c7a474
2024-03-24T14:29:57.396-03:00  INFO 13452 --- [aula-08] [restartedMain] com.zaxxer.hikari.HikariDataSource       : HikariPool-2 - Start completed.
2024-03-24T14:29:57.404-03:00  WARN 13452 --- [aula-08] [restartedMain] org.hibernate.orm.deprecation            : HHH90000025: PostgreSQLDialect does not need to be specified explicitly using 'hibernate.dialect' (remove the property setting and it will be selected by default)
2024-03-24T14:29:57.426-03:00  INFO 13452 --- [aula-08] [restartedMain] o.h.e.t.j.p.i.JtaPlatformInitiator       : HHH000489: No JTA platform available (set 'hibernate.transaction.jta.platform' to enable JTA platform integration)
2024-03-24T14:29:57.427-03:00  INFO 13452 --- [aula-08] [restartedMain] j.LocalContainerEntityManagerFactoryBean : Initialized JPA EntityManagerFactory for persistence unit 'default'
2024-03-24T14:29:57.458-03:00  WARN 13452 --- [aula-08] [restartedMain] JpaBaseConfiguration$JpaWebConfiguration : spring.jpa.open-in-view is enabled by default. Therefore, database queries may be performed during view rendering. Explicitly configure spring.jpa.open-in-view to disable this warning
2024-03-24T14:29:57.488-03:00 DEBUG 13452 --- [aula-08] [restartedMain] s.w.s.m.m.a.RequestMappingHandlerMapping : 2 mappings in 'requestMappingHandlerMapping'
2024-03-24T14:29:57.527-03:00 DEBUG 13452 --- [aula-08] [restartedMain] o.s.w.s.handler.SimpleUrlHandlerMapping  : Patterns [/webjars/**, /**] in 'resourceHandlerMapping'
2024-03-24T14:29:57.540-03:00 DEBUG 13452 --- [aula-08] [restartedMain] s.w.s.m.m.a.RequestMappingHandlerAdapter : ControllerAdvice beans: 0 @ModelAttribute, 0 @InitBinder, 1 RequestBodyAdvice, 1 ResponseBodyAdvice
2024-03-24T14:29:57.545-03:00 DEBUG 13452 --- [aula-08] [restartedMain] .m.m.a.ExceptionHandlerExceptionResolver : ControllerAdvice beans: 0 @ExceptionHandler, 1 ResponseBodyAdvice
2024-03-24T14:29:57.605-03:00  INFO 13452 --- [aula-08] [restartedMain] o.s.b.d.a.OptionalLiveReloadServer       : LiveReload server is running on port 35729
2024-03-24T14:29:57.621-03:00  INFO 13452 --- [aula-08] [restartedMain] o.s.b.w.embedded.tomcat.TomcatWebServer  : Tomcat started on port 8080 (http) with context path ''
2024-03-24T14:29:57.625-03:00  INFO 13452 --- [aula-08] [restartedMain] o.aula08.java_faker.Aula08Application    : Started Aula08Application in 0.849 seconds (process running for 16.978)
2024-03-24T14:29:57.631-03:00  INFO 13452 --- [aula-08] [restartedMain] .ConditionEvaluationDeltaLoggingListener : Condition evaluation unchanged
2024-03-24T14:29:57.632-03:00  INFO 13452 --- [aula-08] [restartedMain] o.aula08.java_faker.Aula08Application    : Application started...
2024-03-24T14:30:00.064-03:00  INFO 13452 --- [aula-08] [File Watcher] rtingClassPathChangeChangedEventListener : Restarting due to 7 class path changes (7 additions, 0 deletions, 0 modifications)
2024-03-24T14:30:00.070-03:00  INFO 13452 --- [aula-08] [Thread-7] j.LocalContainerEntityManagerFactoryBean : Closing JPA EntityManagerFactory for persistence unit 'default'
2024-03-24T14:30:00.070-03:00  INFO 13452 --- [aula-08] [Thread-7] com.zaxxer.hikari.HikariDataSource       : HikariPool-2 - Shutdown initiated...
2024-03-24T14:30:00.075-03:00  INFO 13452 --- [aula-08] [Thread-7] com.zaxxer.hikari.HikariDataSource       : HikariPool-2 - Shutdown completed.
2024-03-24T14:30:00.162-03:00  INFO 13452 --- [aula-08] [restartedMain] o.aula08.java_faker.Aula08Application    : Starting Aula08Application using Java 21.0.2 with PID 13452 (C:\Users\david\OneDrive\Área de Trabalho\Programaçao\residencia-avancado\240076-david-vinicius-pereira-lima\java-avancado\aula-08\target\classes started by david in C:\Users\david\OneDrive\Área de Trabalho\Programaçao\residencia-avancado\240076-david-vinicius-pereira-lima\java-avancado\aula-08)
2024-03-24T14:30:00.162-03:00  INFO 13452 --- [aula-08] [restartedMain] o.aula08.java_faker.Aula08Application    : No active profile set, falling back to 1 default profile: "default"
2024-03-24T14:30:00.376-03:00  INFO 13452 --- [aula-08] [restartedMain] .s.d.r.c.RepositoryConfigurationDelegate : Bootstrapping Spring Data JPA repositories in DEFAULT mode.
2024-03-24T14:30:00.386-03:00  INFO 13452 --- [aula-08] [restartedMain] .s.d.r.c.RepositoryConfigurationDelegate : Finished Spring Data repository scanning in 9 ms. Found 2 JPA repository interfaces.
2024-03-24T14:30:00.485-03:00  INFO 13452 --- [aula-08] [restartedMain] o.s.b.w.embedded.tomcat.TomcatWebServer  : Tomcat initialized with port 8080 (http)
2024-03-24T14:30:00.486-03:00  INFO 13452 --- [aula-08] [restartedMain] o.apache.catalina.core.StandardService   : Starting service [Tomcat]
2024-03-24T14:30:00.486-03:00  INFO 13452 --- [aula-08] [restartedMain] o.apache.catalina.core.StandardEngine    : Starting Servlet engine: [Apache Tomcat/10.1.19]
2024-03-24T14:30:00.504-03:00  INFO 13452 --- [aula-08] [restartedMain] o.a.c.c.C.[Tomcat].[localhost].[/]       : Initializing Spring embedded WebApplicationContext
2024-03-24T14:30:00.505-03:00  INFO 13452 --- [aula-08] [restartedMain] w.s.c.ServletWebServerApplicationContext : Root WebApplicationContext: initialization completed in 339 ms
2024-03-24T14:30:00.537-03:00  INFO 13452 --- [aula-08] [restartedMain] o.hibernate.jpa.internal.util.LogHelper  : HHH000204: Processing PersistenceUnitInfo [name: default]
2024-03-24T14:30:00.540-03:00  INFO 13452 --- [aula-08] [restartedMain] o.h.c.internal.RegionFactoryInitiator    : HHH000026: Second-level cache disabled
2024-03-24T14:30:00.544-03:00  INFO 13452 --- [aula-08] [restartedMain] o.s.o.j.p.SpringPersistenceUnitInfo      : No LoadTimeWeaver setup: ignoring JPA class transformer
2024-03-24T14:30:00.545-03:00  INFO 13452 --- [aula-08] [restartedMain] com.zaxxer.hikari.HikariDataSource       : HikariPool-3 - Starting...
2024-03-24T14:30:00.606-03:00  INFO 13452 --- [aula-08] [restartedMain] com.zaxxer.hikari.pool.HikariPool        : HikariPool-3 - Added connection org.postgresql.jdbc.PgConnection@50a30962
2024-03-24T14:30:00.607-03:00  INFO 13452 --- [aula-08] [restartedMain] com.zaxxer.hikari.HikariDataSource       : HikariPool-3 - Start completed.
2024-03-24T14:30:00.615-03:00  WARN 13452 --- [aula-08] [restartedMain] org.hibernate.orm.deprecation            : HHH90000025: PostgreSQLDialect does not need to be specified explicitly using 'hibernate.dialect' (remove the property setting and it will be selected by default)
2024-03-24T14:30:00.685-03:00  INFO 13452 --- [aula-08] [restartedMain] o.h.e.t.j.p.i.JtaPlatformInitiator       : HHH000489: No JTA platform available (set 'hibernate.transaction.jta.platform' to enable JTA platform integration)
2024-03-24T14:30:00.733-03:00  INFO 13452 --- [aula-08] [restartedMain] j.LocalContainerEntityManagerFactoryBean : Initialized JPA EntityManagerFactory for persistence unit 'default'
2024-03-24T14:30:00.820-03:00  WARN 13452 --- [aula-08] [restartedMain] JpaBaseConfiguration$JpaWebConfiguration : spring.jpa.open-in-view is enabled by default. Therefore, database queries may be performed during view rendering. Explicitly configure spring.jpa.open-in-view to disable this warning
2024-03-24T14:30:00.852-03:00 DEBUG 13452 --- [aula-08] [restartedMain] s.w.s.m.m.a.RequestMappingHandlerMapping : 12 mappings in 'requestMappingHandlerMapping'
2024-03-24T14:30:00.880-03:00 DEBUG 13452 --- [aula-08] [restartedMain] o.s.w.s.handler.SimpleUrlHandlerMapping  : Patterns [/webjars/**, /**] in 'resourceHandlerMapping'
2024-03-24T14:30:00.889-03:00 DEBUG 13452 --- [aula-08] [restartedMain] s.w.s.m.m.a.RequestMappingHandlerAdapter : ControllerAdvice beans: 0 @ModelAttribute, 0 @InitBinder, 1 RequestBodyAdvice, 1 ResponseBodyAdvice
2024-03-24T14:30:00.894-03:00 DEBUG 13452 --- [aula-08] [restartedMain] .m.m.a.ExceptionHandlerExceptionResolver : ControllerAdvice beans: 0 @ExceptionHandler, 1 ResponseBodyAdvice
2024-03-24T14:30:00.936-03:00  INFO 13452 --- [aula-08] [restartedMain] o.s.b.d.a.OptionalLiveReloadServer       : LiveReload server is running on port 35729
2024-03-24T14:30:00.956-03:00  INFO 13452 --- [aula-08] [restartedMain] o.s.b.w.embedded.tomcat.TomcatWebServer  : Tomcat started on port 8080 (http) with context path ''
2024-03-24T14:30:00.960-03:00  INFO 13452 --- [aula-08] [restartedMain] o.aula08.java_faker.Aula08Application    : Started Aula08Application in 0.825 seconds (process running for 20.311)
2024-03-24T14:30:00.960-03:00  INFO 13452 --- [aula-08] [restartedMain] .ConditionEvaluationDeltaLoggingListener : Condition evaluation unchanged
2024-03-24T14:30:00.961-03:00  INFO 13452 --- [aula-08] [restartedMain] o.aula08.java_faker.Aula08Application    : Application started...
2024-03-24T14:30:53.576-03:00  INFO 13452 --- [aula-08] [http-nio-8080-exec-1] o.a.c.c.C.[Tomcat].[localhost].[/]       : Initializing Spring DispatcherServlet 'dispatcherServlet'
2024-03-24T14:30:53.576-03:00  INFO 13452 --- [aula-08] [http-nio-8080-exec-1] o.s.web.servlet.DispatcherServlet        : Initializing Servlet 'dispatcherServlet'
2024-03-24T14:30:53.576-03:00 DEBUG 13452 --- [aula-08] [http-nio-8080-exec-1] o.s.web.servlet.DispatcherServlet        : Detected StandardServletMultipartResolver
2024-03-24T14:30:53.576-03:00 DEBUG 13452 --- [aula-08] [http-nio-8080-exec-1] o.s.web.servlet.DispatcherServlet        : Detected AcceptHeaderLocaleResolver
2024-03-24T14:30:53.576-03:00 DEBUG 13452 --- [aula-08] [http-nio-8080-exec-1] o.s.web.servlet.DispatcherServlet        : Detected FixedThemeResolver
2024-03-24T14:30:53.577-03:00 DEBUG 13452 --- [aula-08] [http-nio-8080-exec-1] o.s.web.servlet.DispatcherServlet        : Detected org.springframework.web.servlet.view.DefaultRequestToViewNameTranslator@71bfd205
2024-03-24T14:30:53.577-03:00 DEBUG 13452 --- [aula-08] [http-nio-8080-exec-1] o.s.web.servlet.DispatcherServlet        : Detected org.springframework.web.servlet.support.SessionFlashMapManager@6f419f77
2024-03-24T14:30:53.577-03:00 DEBUG 13452 --- [aula-08] [http-nio-8080-exec-1] o.s.web.servlet.DispatcherServlet        : enableLoggingRequestDetails='false': request parameters and headers will be masked to prevent unsafe logging of potentially sensitive data
2024-03-24T14:30:53.578-03:00  INFO 13452 --- [aula-08] [http-nio-8080-exec-1] o.s.web.servlet.DispatcherServlet        : Completed initialization in 2 ms
2024-03-24T14:30:53.590-03:00 DEBUG 13452 --- [aula-08] [http-nio-8080-exec-1] o.s.web.servlet.DispatcherServlet        : POST "/api/employee/generateFakeEmployee/", parameters={}
2024-03-24T14:30:53.603-03:00 DEBUG 13452 --- [aula-08] [http-nio-8080-exec-1] s.w.s.m.m.a.RequestMappingHandlerMapping : Mapped to org.aula08.java_faker.controller.EmployeeController#generateFakerEmployee()
2024-03-24T14:30:53.622-03:00  INFO 13452 --- [aula-08] [http-nio-8080-exec-1] o.a.j.controller.EmployeeController      : Create a new Employee using JavaFaker data.

2024-03-24T14:30:53.898-03:00  INFO 13452 --- [aula-08] [http-nio-8080-exec-1] o.a.j.controller.EmployeeController      : Saved employee:	Employee(id=11, name=Vance Treutel, email=lashonda.braun@gmail.com, technicalSkill=shop assistant, projects=null)

2024-03-24T14:30:53.911-03:00 DEBUG 13452 --- [aula-08] [http-nio-8080-exec-1] m.m.a.RequestResponseBodyMethodProcessor : Using 'text/plain', given [*/*] and supported [text/plain, */*, application/json, application/*+json]
2024-03-24T14:30:53.913-03:00 DEBUG 13452 --- [aula-08] [http-nio-8080-exec-1] m.m.a.RequestResponseBodyMethodProcessor : Writing ["Employee saved"]
2024-03-24T14:30:53.919-03:00 DEBUG 13452 --- [aula-08] [http-nio-8080-exec-1] o.s.web.servlet.DispatcherServlet        : Completed 200 OK
2024-03-24T14:32:22.477-03:00  INFO 13452 --- [aula-08] [File Watcher] rtingClassPathChangeChangedEventListener : Restarting due to 1 class path change (0 additions, 1 deletion, 0 modifications)
2024-03-24T14:32:22.483-03:00  INFO 13452 --- [aula-08] [Thread-11] j.LocalContainerEntityManagerFactoryBean : Closing JPA EntityManagerFactory for persistence unit 'default'
2024-03-24T14:32:22.484-03:00  INFO 13452 --- [aula-08] [Thread-11] com.zaxxer.hikari.HikariDataSource       : HikariPool-3 - Shutdown initiated...
2024-03-24T14:32:22.494-03:00  INFO 13452 --- [aula-08] [Thread-11] com.zaxxer.hikari.HikariDataSource       : HikariPool-3 - Shutdown completed.
2024-03-24T14:32:22.568-03:00  INFO 13452 --- [aula-08] [restartedMain] o.aula08.java_faker.Aula08Application    : Starting Aula08Application using Java 21.0.2 with PID 13452 (C:\Users\david\OneDrive\Área de Trabalho\Programaçao\residencia-avancado\240076-david-vinicius-pereira-lima\java-avancado\aula-08\target\classes started by david in C:\Users\david\OneDrive\Área de Trabalho\Programaçao\residencia-avancado\240076-david-vinicius-pereira-lima\java-avancado\aula-08)
2024-03-24T14:32:22.568-03:00  INFO 13452 --- [aula-08] [restartedMain] o.aula08.java_faker.Aula08Application    : No active profile set, falling back to 1 default profile: "default"
2024-03-24T14:32:22.818-03:00  INFO 13452 --- [aula-08] [restartedMain] .s.d.r.c.RepositoryConfigurationDelegate : Bootstrapping Spring Data JPA repositories in DEFAULT mode.
2024-03-24T14:32:22.841-03:00  INFO 13452 --- [aula-08] [restartedMain] .s.d.r.c.RepositoryConfigurationDelegate : Finished Spring Data repository scanning in 22 ms. Found 2 JPA repository interfaces.
2024-03-24T14:32:22.932-03:00  INFO 13452 --- [aula-08] [restartedMain] o.s.b.w.embedded.tomcat.TomcatWebServer  : Tomcat initialized with port 8080 (http)
2024-03-24T14:32:22.933-03:00  INFO 13452 --- [aula-08] [restartedMain] o.apache.catalina.core.StandardService   : Starting service [Tomcat]
2024-03-24T14:32:22.933-03:00  INFO 13452 --- [aula-08] [restartedMain] o.apache.catalina.core.StandardEngine    : Starting Servlet engine: [Apache Tomcat/10.1.19]
2024-03-24T14:32:22.959-03:00  INFO 13452 --- [aula-08] [restartedMain] o.a.c.c.C.[Tomcat].[localhost].[/]       : Initializing Spring embedded WebApplicationContext
2024-03-24T14:32:22.960-03:00  INFO 13452 --- [aula-08] [restartedMain] w.s.c.ServletWebServerApplicationContext : Root WebApplicationContext: initialization completed in 390 ms
2024-03-24T14:32:23.129-03:00  INFO 13452 --- [aula-08] [restartedMain] o.hibernate.jpa.internal.util.LogHelper  : HHH000204: Processing PersistenceUnitInfo [name: default]
2024-03-24T14:32:23.144-03:00  INFO 13452 --- [aula-08] [restartedMain] o.h.c.internal.RegionFactoryInitiator    : HHH000026: Second-level cache disabled
2024-03-24T14:32:23.153-03:00  INFO 13452 --- [aula-08] [restartedMain] o.s.o.j.p.SpringPersistenceUnitInfo      : No LoadTimeWeaver setup: ignoring JPA class transformer
2024-03-24T14:32:23.157-03:00  INFO 13452 --- [aula-08] [restartedMain] com.zaxxer.hikari.HikariDataSource       : HikariPool-4 - Starting...
2024-03-24T14:32:23.492-03:00  INFO 13452 --- [aula-08] [restartedMain] com.zaxxer.hikari.pool.HikariPool        : HikariPool-4 - Added connection org.postgresql.jdbc.PgConnection@48a038d4
2024-03-24T14:32:23.492-03:00  INFO 13452 --- [aula-08] [restartedMain] com.zaxxer.hikari.HikariDataSource       : HikariPool-4 - Start completed.
2024-03-24T14:32:23.499-03:00  WARN 13452 --- [aula-08] [restartedMain] org.hibernate.orm.deprecation            : HHH90000025: PostgreSQLDialect does not need to be specified explicitly using 'hibernate.dialect' (remove the property setting and it will be selected by default)
2024-03-24T14:32:23.579-03:00  INFO 13452 --- [aula-08] [restartedMain] o.h.e.t.j.p.i.JtaPlatformInitiator       : HHH000489: No JTA platform available (set 'hibernate.transaction.jta.platform' to enable JTA platform integration)
2024-03-24T14:32:23.636-03:00  INFO 13452 --- [aula-08] [restartedMain] j.LocalContainerEntityManagerFactoryBean : Initialized JPA EntityManagerFactory for persistence unit 'default'
2024-03-24T14:32:23.768-03:00  WARN 13452 --- [aula-08] [restartedMain] JpaBaseConfiguration$JpaWebConfiguration : spring.jpa.open-in-view is enabled by default. Therefore, database queries may be performed during view rendering. Explicitly configure spring.jpa.open-in-view to disable this warning
2024-03-24T14:32:23.821-03:00 DEBUG 13452 --- [aula-08] [restartedMain] s.w.s.m.m.a.RequestMappingHandlerMapping : 6 mappings in 'requestMappingHandlerMapping'
2024-03-24T14:32:23.887-03:00 DEBUG 13452 --- [aula-08] [restartedMain] o.s.w.s.handler.SimpleUrlHandlerMapping  : Patterns [/webjars/**, /**] in 'resourceHandlerMapping'
2024-03-24T14:32:23.898-03:00 DEBUG 13452 --- [aula-08] [restartedMain] s.w.s.m.m.a.RequestMappingHandlerAdapter : ControllerAdvice beans: 0 @ModelAttribute, 0 @InitBinder, 1 RequestBodyAdvice, 1 ResponseBodyAdvice
2024-03-24T14:32:23.908-03:00 DEBUG 13452 --- [aula-08] [restartedMain] .m.m.a.ExceptionHandlerExceptionResolver : ControllerAdvice beans: 0 @ExceptionHandler, 1 ResponseBodyAdvice
2024-03-24T14:32:23.951-03:00  INFO 13452 --- [aula-08] [restartedMain] o.s.b.d.a.OptionalLiveReloadServer       : LiveReload server is running on port 35729
2024-03-24T14:32:23.968-03:00  INFO 13452 --- [aula-08] [restartedMain] o.s.b.w.embedded.tomcat.TomcatWebServer  : Tomcat started on port 8080 (http) with context path ''
2024-03-24T14:32:23.971-03:00  INFO 13452 --- [aula-08] [restartedMain] o.aula08.java_faker.Aula08Application    : Started Aula08Application in 1.432 seconds (process running for 163.323)
2024-03-24T14:32:23.972-03:00  INFO 13452 --- [aula-08] [restartedMain] .ConditionEvaluationDeltaLoggingListener : Condition evaluation unchanged
2024-03-24T14:32:23.972-03:00  INFO 13452 --- [aula-08] [restartedMain] o.aula08.java_faker.Aula08Application    : Application started...
2024-03-24T14:33:26.297-03:00  INFO 13452 --- [aula-08] [File Watcher] rtingClassPathChangeChangedEventListener : Restarting due to 1 class path change (1 addition, 0 deletions, 0 modifications)
2024-03-24T14:33:26.301-03:00  INFO 13452 --- [aula-08] [Thread-15] j.LocalContainerEntityManagerFactoryBean : Closing JPA EntityManagerFactory for persistence unit 'default'
2024-03-24T14:33:26.301-03:00  INFO 13452 --- [aula-08] [Thread-15] com.zaxxer.hikari.HikariDataSource       : HikariPool-4 - Shutdown initiated...
2024-03-24T14:33:26.303-03:00  INFO 13452 --- [aula-08] [Thread-15] com.zaxxer.hikari.HikariDataSource       : HikariPool-4 - Shutdown completed.
2024-03-24T14:33:26.363-03:00  INFO 13452 --- [aula-08] [restartedMain] o.aula08.java_faker.Aula08Application    : Starting Aula08Application using Java 21.0.2 with PID 13452 (C:\Users\david\OneDrive\Área de Trabalho\Programaçao\residencia-avancado\240076-david-vinicius-pereira-lima\java-avancado\aula-08\target\classes started by david in C:\Users\david\OneDrive\Área de Trabalho\Programaçao\residencia-avancado\240076-david-vinicius-pereira-lima\java-avancado\aula-08)
2024-03-24T14:33:26.363-03:00  INFO 13452 --- [aula-08] [restartedMain] o.aula08.java_faker.Aula08Application    : No active profile set, falling back to 1 default profile: "default"
2024-03-24T14:33:26.495-03:00  INFO 13452 --- [aula-08] [restartedMain] .s.d.r.c.RepositoryConfigurationDelegate : Bootstrapping Spring Data JPA repositories in DEFAULT mode.
2024-03-24T14:33:26.504-03:00  INFO 13452 --- [aula-08] [restartedMain] .s.d.r.c.RepositoryConfigurationDelegate : Finished Spring Data repository scanning in 7 ms. Found 2 JPA repository interfaces.
2024-03-24T14:33:26.565-03:00  INFO 13452 --- [aula-08] [restartedMain] o.s.b.w.embedded.tomcat.TomcatWebServer  : Tomcat initialized with port 8080 (http)
2024-03-24T14:33:26.566-03:00  INFO 13452 --- [aula-08] [restartedMain] o.apache.catalina.core.StandardService   : Starting service [Tomcat]
2024-03-24T14:33:26.566-03:00  INFO 13452 --- [aula-08] [restartedMain] o.apache.catalina.core.StandardEngine    : Starting Servlet engine: [Apache Tomcat/10.1.19]
2024-03-24T14:33:26.585-03:00  INFO 13452 --- [aula-08] [restartedMain] o.a.c.c.C.[Tomcat].[localhost].[/]       : Initializing Spring embedded WebApplicationContext
2024-03-24T14:33:26.586-03:00  INFO 13452 --- [aula-08] [restartedMain] w.s.c.ServletWebServerApplicationContext : Root WebApplicationContext: initialization completed in 222 ms
2024-03-24T14:33:26.611-03:00  INFO 13452 --- [aula-08] [restartedMain] o.hibernate.jpa.internal.util.LogHelper  : HHH000204: Processing PersistenceUnitInfo [name: default]
2024-03-24T14:33:26.613-03:00  INFO 13452 --- [aula-08] [restartedMain] o.h.c.internal.RegionFactoryInitiator    : HHH000026: Second-level cache disabled
2024-03-24T14:33:26.617-03:00  INFO 13452 --- [aula-08] [restartedMain] o.s.o.j.p.SpringPersistenceUnitInfo      : No LoadTimeWeaver setup: ignoring JPA class transformer
2024-03-24T14:33:26.618-03:00  INFO 13452 --- [aula-08] [restartedMain] com.zaxxer.hikari.HikariDataSource       : HikariPool-5 - Starting...
2024-03-24T14:33:26.673-03:00  INFO 13452 --- [aula-08] [restartedMain] com.zaxxer.hikari.pool.HikariPool        : HikariPool-5 - Added connection org.postgresql.jdbc.PgConnection@5d97a3ba
2024-03-24T14:33:26.673-03:00  INFO 13452 --- [aula-08] [restartedMain] com.zaxxer.hikari.HikariDataSource       : HikariPool-5 - Start completed.
2024-03-24T14:33:26.680-03:00  WARN 13452 --- [aula-08] [restartedMain] org.hibernate.orm.deprecation            : HHH90000025: PostgreSQLDialect does not need to be specified explicitly using 'hibernate.dialect' (remove the property setting and it will be selected by default)
2024-03-24T14:33:26.724-03:00  INFO 13452 --- [aula-08] [restartedMain] o.h.e.t.j.p.i.JtaPlatformInitiator       : HHH000489: No JTA platform available (set 'hibernate.transaction.jta.platform' to enable JTA platform integration)
2024-03-24T14:33:26.769-03:00  INFO 13452 --- [aula-08] [restartedMain] j.LocalContainerEntityManagerFactoryBean : Initialized JPA EntityManagerFactory for persistence unit 'default'
2024-03-24T14:33:26.845-03:00  WARN 13452 --- [aula-08] [restartedMain] JpaBaseConfiguration$JpaWebConfiguration : spring.jpa.open-in-view is enabled by default. Therefore, database queries may be performed during view rendering. Explicitly configure spring.jpa.open-in-view to disable this warning
2024-03-24T14:33:26.866-03:00 DEBUG 13452 --- [aula-08] [restartedMain] s.w.s.m.m.a.RequestMappingHandlerMapping : 12 mappings in 'requestMappingHandlerMapping'
2024-03-24T14:33:26.889-03:00 DEBUG 13452 --- [aula-08] [restartedMain] o.s.w.s.handler.SimpleUrlHandlerMapping  : Patterns [/webjars/**, /**] in 'resourceHandlerMapping'
2024-03-24T14:33:26.896-03:00 DEBUG 13452 --- [aula-08] [restartedMain] s.w.s.m.m.a.RequestMappingHandlerAdapter : ControllerAdvice beans: 0 @ModelAttribute, 0 @InitBinder, 1 RequestBodyAdvice, 1 ResponseBodyAdvice
2024-03-24T14:33:26.899-03:00 DEBUG 13452 --- [aula-08] [restartedMain] .m.m.a.ExceptionHandlerExceptionResolver : ControllerAdvice beans: 0 @ExceptionHandler, 1 ResponseBodyAdvice
2024-03-24T14:33:26.922-03:00  INFO 13452 --- [aula-08] [restartedMain] o.s.b.d.a.OptionalLiveReloadServer       : LiveReload server is running on port 35729
2024-03-24T14:33:26.931-03:00  INFO 13452 --- [aula-08] [restartedMain] o.s.b.w.embedded.tomcat.TomcatWebServer  : Tomcat started on port 8080 (http) with context path ''
2024-03-24T14:33:26.934-03:00  INFO 13452 --- [aula-08] [restartedMain] o.aula08.java_faker.Aula08Application    : Started Aula08Application in 0.59 seconds (process running for 226.286)
2024-03-24T14:33:26.935-03:00  INFO 13452 --- [aula-08] [restartedMain] .ConditionEvaluationDeltaLoggingListener : Condition evaluation unchanged
2024-03-24T14:33:26.935-03:00  INFO 13452 --- [aula-08] [restartedMain] o.aula08.java_faker.Aula08Application    : Application started...
2024-03-24T14:36:55.632-03:00  INFO 13452 --- [aula-08] [File Watcher] rtingClassPathChangeChangedEventListener : Restarting due to 1 class path change (0 additions, 1 deletion, 0 modifications)
2024-03-24T14:36:55.637-03:00  INFO 13452 --- [aula-08] [Thread-19] j.LocalContainerEntityManagerFactoryBean : Closing JPA EntityManagerFactory for persistence unit 'default'
2024-03-24T14:36:55.638-03:00  INFO 13452 --- [aula-08] [Thread-19] com.zaxxer.hikari.HikariDataSource       : HikariPool-5 - Shutdown initiated...
2024-03-24T14:36:55.640-03:00  INFO 13452 --- [aula-08] [Thread-19] com.zaxxer.hikari.HikariDataSource       : HikariPool-5 - Shutdown completed.
2024-03-24T14:36:55.707-03:00  INFO 13452 --- [aula-08] [restartedMain] o.aula08.java_faker.Aula08Application    : Starting Aula08Application using Java 21.0.2 with PID 13452 (C:\Users\david\OneDrive\Área de Trabalho\Programaçao\residencia-avancado\240076-david-vinicius-pereira-lima\java-avancado\aula-08\target\classes started by david in C:\Users\david\OneDrive\Área de Trabalho\Programaçao\residencia-avancado\240076-david-vinicius-pereira-lima\java-avancado\aula-08)
2024-03-24T14:36:55.707-03:00  INFO 13452 --- [aula-08] [restartedMain] o.aula08.java_faker.Aula08Application    : No active profile set, falling back to 1 default profile: "default"
2024-03-24T14:36:55.965-03:00  INFO 13452 --- [aula-08] [restartedMain] .s.d.r.c.RepositoryConfigurationDelegate : Bootstrapping Spring Data JPA repositories in DEFAULT mode.
2024-03-24T14:36:55.978-03:00  INFO 13452 --- [aula-08] [restartedMain] .s.d.r.c.RepositoryConfigurationDelegate : Finished Spring Data repository scanning in 12 ms. Found 2 JPA repository interfaces.
2024-03-24T14:36:56.062-03:00  INFO 13452 --- [aula-08] [restartedMain] o.s.b.w.embedded.tomcat.TomcatWebServer  : Tomcat initialized with port 8080 (http)
2024-03-24T14:36:56.063-03:00  INFO 13452 --- [aula-08] [restartedMain] o.apache.catalina.core.StandardService   : Starting service [Tomcat]
2024-03-24T14:36:56.063-03:00  INFO 13452 --- [aula-08] [restartedMain] o.apache.catalina.core.StandardEngine    : Starting Servlet engine: [Apache Tomcat/10.1.19]
2024-03-24T14:36:56.084-03:00  INFO 13452 --- [aula-08] [restartedMain] o.a.c.c.C.[Tomcat].[localhost].[/]       : Initializing Spring embedded WebApplicationContext
2024-03-24T14:36:56.084-03:00  INFO 13452 --- [aula-08] [restartedMain] w.s.c.ServletWebServerApplicationContext : Root WebApplicationContext: initialization completed in 376 ms
2024-03-24T14:36:56.122-03:00  INFO 13452 --- [aula-08] [restartedMain] o.hibernate.jpa.internal.util.LogHelper  : HHH000204: Processing PersistenceUnitInfo [name: default]
2024-03-24T14:36:56.125-03:00  INFO 13452 --- [aula-08] [restartedMain] o.h.c.internal.RegionFactoryInitiator    : HHH000026: Second-level cache disabled
2024-03-24T14:36:56.130-03:00  INFO 13452 --- [aula-08] [restartedMain] o.s.o.j.p.SpringPersistenceUnitInfo      : No LoadTimeWeaver setup: ignoring JPA class transformer
2024-03-24T14:36:56.131-03:00  INFO 13452 --- [aula-08] [restartedMain] com.zaxxer.hikari.HikariDataSource       : HikariPool-6 - Starting...
2024-03-24T14:36:56.196-03:00  INFO 13452 --- [aula-08] [restartedMain] com.zaxxer.hikari.pool.HikariPool        : HikariPool-6 - Added connection org.postgresql.jdbc.PgConnection@3048b163
2024-03-24T14:36:56.196-03:00  INFO 13452 --- [aula-08] [restartedMain] com.zaxxer.hikari.HikariDataSource       : HikariPool-6 - Start completed.
2024-03-24T14:36:56.202-03:00  WARN 13452 --- [aula-08] [restartedMain] org.hibernate.orm.deprecation            : HHH90000025: PostgreSQLDialect does not need to be specified explicitly using 'hibernate.dialect' (remove the property setting and it will be selected by default)
2024-03-24T14:36:56.261-03:00  INFO 13452 --- [aula-08] [restartedMain] o.h.e.t.j.p.i.JtaPlatformInitiator       : HHH000489: No JTA platform available (set 'hibernate.transaction.jta.platform' to enable JTA platform integration)
2024-03-24T14:36:56.310-03:00  INFO 13452 --- [aula-08] [restartedMain] j.LocalContainerEntityManagerFactoryBean : Initialized JPA EntityManagerFactory for persistence unit 'default'
2024-03-24T14:36:56.402-03:00  WARN 13452 --- [aula-08] [restartedMain] JpaBaseConfiguration$JpaWebConfiguration : spring.jpa.open-in-view is enabled by default. Therefore, database queries may be performed during view rendering. Explicitly configure spring.jpa.open-in-view to disable this warning
2024-03-24T14:36:56.449-03:00 DEBUG 13452 --- [aula-08] [restartedMain] s.w.s.m.m.a.RequestMappingHandlerMapping : 6 mappings in 'requestMappingHandlerMapping'
2024-03-24T14:36:56.513-03:00 DEBUG 13452 --- [aula-08] [restartedMain] o.s.w.s.handler.SimpleUrlHandlerMapping  : Patterns [/webjars/**, /**] in 'resourceHandlerMapping'
2024-03-24T14:36:56.521-03:00 DEBUG 13452 --- [aula-08] [restartedMain] s.w.s.m.m.a.RequestMappingHandlerAdapter : ControllerAdvice beans: 0 @ModelAttribute, 0 @InitBinder, 1 RequestBodyAdvice, 1 ResponseBodyAdvice
2024-03-24T14:36:56.526-03:00 DEBUG 13452 --- [aula-08] [restartedMain] .m.m.a.ExceptionHandlerExceptionResolver : ControllerAdvice beans: 0 @ExceptionHandler, 1 ResponseBodyAdvice
2024-03-24T14:36:56.554-03:00  INFO 13452 --- [aula-08] [restartedMain] o.s.b.d.a.OptionalLiveReloadServer       : LiveReload server is running on port 35729
2024-03-24T14:36:56.564-03:00  INFO 13452 --- [aula-08] [restartedMain] o.s.b.w.embedded.tomcat.TomcatWebServer  : Tomcat started on port 8080 (http) with context path ''
2024-03-24T14:36:56.567-03:00  INFO 13452 --- [aula-08] [restartedMain] o.aula08.java_faker.Aula08Application    : Started Aula08Application in 0.884 seconds (process running for 435.919)
2024-03-24T14:36:56.569-03:00  INFO 13452 --- [aula-08] [restartedMain] .ConditionEvaluationDeltaLoggingListener : Condition evaluation unchanged
2024-03-24T14:36:56.569-03:00  INFO 13452 --- [aula-08] [restartedMain] o.aula08.java_faker.Aula08Application    : Application started...
2024-03-24T14:37:13.290-03:00  INFO 13452 --- [aula-08] [File Watcher] rtingClassPathChangeChangedEventListener : Restarting due to 1 class path change (1 addition, 0 deletions, 0 modifications)
2024-03-24T14:37:13.293-03:00  INFO 13452 --- [aula-08] [Thread-23] j.LocalContainerEntityManagerFactoryBean : Closing JPA EntityManagerFactory for persistence unit 'default'
2024-03-24T14:37:13.294-03:00  INFO 13452 --- [aula-08] [Thread-23] com.zaxxer.hikari.HikariDataSource       : HikariPool-6 - Shutdown initiated...
2024-03-24T14:37:13.297-03:00  INFO 13452 --- [aula-08] [Thread-23] com.zaxxer.hikari.HikariDataSource       : HikariPool-6 - Shutdown completed.
2024-03-24T14:37:13.354-03:00  INFO 13452 --- [aula-08] [restartedMain] o.aula08.java_faker.Aula08Application    : Starting Aula08Application using Java 21.0.2 with PID 13452 (C:\Users\david\OneDrive\Área de Trabalho\Programaçao\residencia-avancado\240076-david-vinicius-pereira-lima\java-avancado\aula-08\target\classes started by david in C:\Users\david\OneDrive\Área de Trabalho\Programaçao\residencia-avancado\240076-david-vinicius-pereira-lima\java-avancado\aula-08)
2024-03-24T14:37:13.354-03:00  INFO 13452 --- [aula-08] [restartedMain] o.aula08.java_faker.Aula08Application    : No active profile set, falling back to 1 default profile: "default"
2024-03-24T14:37:13.487-03:00  INFO 13452 --- [aula-08] [restartedMain] .s.d.r.c.RepositoryConfigurationDelegate : Bootstrapping Spring Data JPA repositories in DEFAULT mode.
2024-03-24T14:37:13.494-03:00  INFO 13452 --- [aula-08] [restartedMain] .s.d.r.c.RepositoryConfigurationDelegate : Finished Spring Data repository scanning in 7 ms. Found 2 JPA repository interfaces.
2024-03-24T14:37:13.563-03:00  INFO 13452 --- [aula-08] [restartedMain] o.s.b.w.embedded.tomcat.TomcatWebServer  : Tomcat initialized with port 8080 (http)
2024-03-24T14:37:13.563-03:00  INFO 13452 --- [aula-08] [restartedMain] o.apache.catalina.core.StandardService   : Starting service [Tomcat]
2024-03-24T14:37:13.563-03:00  INFO 13452 --- [aula-08] [restartedMain] o.apache.catalina.core.StandardEngine    : Starting Servlet engine: [Apache Tomcat/10.1.19]
2024-03-24T14:37:13.578-03:00  INFO 13452 --- [aula-08] [restartedMain] o.a.c.c.C.[Tomcat].[localhost].[/]       : Initializing Spring embedded WebApplicationContext
2024-03-24T14:37:13.578-03:00  INFO 13452 --- [aula-08] [restartedMain] w.s.c.ServletWebServerApplicationContext : Root WebApplicationContext: initialization completed in 222 ms
2024-03-24T14:37:13.605-03:00  INFO 13452 --- [aula-08] [restartedMain] o.hibernate.jpa.internal.util.LogHelper  : HHH000204: Processing PersistenceUnitInfo [name: default]
2024-03-24T14:37:13.607-03:00  INFO 13452 --- [aula-08] [restartedMain] o.h.c.internal.RegionFactoryInitiator    : HHH000026: Second-level cache disabled
2024-03-24T14:37:13.610-03:00  INFO 13452 --- [aula-08] [restartedMain] o.s.o.j.p.SpringPersistenceUnitInfo      : No LoadTimeWeaver setup: ignoring JPA class transformer
2024-03-24T14:37:13.611-03:00  INFO 13452 --- [aula-08] [restartedMain] com.zaxxer.hikari.HikariDataSource       : HikariPool-7 - Starting...
2024-03-24T14:37:13.670-03:00  INFO 13452 --- [aula-08] [restartedMain] com.zaxxer.hikari.pool.HikariPool        : HikariPool-7 - Added connection org.postgresql.jdbc.PgConnection@742f542c
2024-03-24T14:37:13.670-03:00  INFO 13452 --- [aula-08] [restartedMain] com.zaxxer.hikari.HikariDataSource       : HikariPool-7 - Start completed.
2024-03-24T14:37:13.677-03:00  WARN 13452 --- [aula-08] [restartedMain] org.hibernate.orm.deprecation            : HHH90000025: PostgreSQLDialect does not need to be specified explicitly using 'hibernate.dialect' (remove the property setting and it will be selected by default)
2024-03-24T14:37:13.722-03:00  INFO 13452 --- [aula-08] [restartedMain] o.h.e.t.j.p.i.JtaPlatformInitiator       : HHH000489: No JTA platform available (set 'hibernate.transaction.jta.platform' to enable JTA platform integration)
2024-03-24T14:37:13.769-03:00  INFO 13452 --- [aula-08] [restartedMain] j.LocalContainerEntityManagerFactoryBean : Initialized JPA EntityManagerFactory for persistence unit 'default'
2024-03-24T14:37:13.842-03:00  WARN 13452 --- [aula-08] [restartedMain] JpaBaseConfiguration$JpaWebConfiguration : spring.jpa.open-in-view is enabled by default. Therefore, database queries may be performed during view rendering. Explicitly configure spring.jpa.open-in-view to disable this warning
2024-03-24T14:37:13.861-03:00 DEBUG 13452 --- [aula-08] [restartedMain] s.w.s.m.m.a.RequestMappingHandlerMapping : 12 mappings in 'requestMappingHandlerMapping'
2024-03-24T14:37:13.884-03:00 DEBUG 13452 --- [aula-08] [restartedMain] o.s.w.s.handler.SimpleUrlHandlerMapping  : Patterns [/webjars/**, /**] in 'resourceHandlerMapping'
2024-03-24T14:37:13.891-03:00 DEBUG 13452 --- [aula-08] [restartedMain] s.w.s.m.m.a.RequestMappingHandlerAdapter : ControllerAdvice beans: 0 @ModelAttribute, 0 @InitBinder, 1 RequestBodyAdvice, 1 ResponseBodyAdvice
2024-03-24T14:37:13.895-03:00 DEBUG 13452 --- [aula-08] [restartedMain] .m.m.a.ExceptionHandlerExceptionResolver : ControllerAdvice beans: 0 @ExceptionHandler, 1 ResponseBodyAdvice
2024-03-24T14:37:13.920-03:00  INFO 13452 --- [aula-08] [restartedMain] o.s.b.d.a.OptionalLiveReloadServer       : LiveReload server is running on port 35729
2024-03-24T14:37:13.933-03:00  INFO 13452 --- [aula-08] [restartedMain] o.s.b.w.embedded.tomcat.TomcatWebServer  : Tomcat started on port 8080 (http) with context path ''
2024-03-24T14:37:13.936-03:00  INFO 13452 --- [aula-08] [restartedMain] o.aula08.java_faker.Aula08Application    : Started Aula08Application in 0.601 seconds (process running for 453.287)
2024-03-24T14:37:13.937-03:00  INFO 13452 --- [aula-08] [restartedMain] .ConditionEvaluationDeltaLoggingListener : Condition evaluation unchanged
2024-03-24T14:37:13.938-03:00  INFO 13452 --- [aula-08] [restartedMain] o.aula08.java_faker.Aula08Application    : Application started...
2024-03-24T14:37:21.995-03:00  INFO 13452 --- [aula-08] [http-nio-8080-exec-1] o.a.c.c.C.[Tomcat].[localhost].[/]       : Initializing Spring DispatcherServlet 'dispatcherServlet'
2024-03-24T14:37:21.995-03:00  INFO 13452 --- [aula-08] [http-nio-8080-exec-1] o.s.web.servlet.DispatcherServlet        : Initializing Servlet 'dispatcherServlet'
2024-03-24T14:37:21.995-03:00 DEBUG 13452 --- [aula-08] [http-nio-8080-exec-1] o.s.web.servlet.DispatcherServlet        : Detected StandardServletMultipartResolver
2024-03-24T14:37:21.995-03:00 DEBUG 13452 --- [aula-08] [http-nio-8080-exec-1] o.s.web.servlet.DispatcherServlet        : Detected AcceptHeaderLocaleResolver
2024-03-24T14:37:21.995-03:00 DEBUG 13452 --- [aula-08] [http-nio-8080-exec-1] o.s.web.servlet.DispatcherServlet        : Detected FixedThemeResolver
2024-03-24T14:37:21.996-03:00 DEBUG 13452 --- [aula-08] [http-nio-8080-exec-1] o.s.web.servlet.DispatcherServlet        : Detected org.springframework.web.servlet.view.DefaultRequestToViewNameTranslator@1cd180cd
2024-03-24T14:37:21.996-03:00 DEBUG 13452 --- [aula-08] [http-nio-8080-exec-1] o.s.web.servlet.DispatcherServlet        : Detected org.springframework.web.servlet.support.SessionFlashMapManager@106d1e31
2024-03-24T14:37:21.996-03:00 DEBUG 13452 --- [aula-08] [http-nio-8080-exec-1] o.s.web.servlet.DispatcherServlet        : enableLoggingRequestDetails='false': request parameters and headers will be masked to prevent unsafe logging of potentially sensitive data
2024-03-24T14:37:21.996-03:00  INFO 13452 --- [aula-08] [http-nio-8080-exec-1] o.s.web.servlet.DispatcherServlet        : Completed initialization in 1 ms
2024-03-24T14:37:21.997-03:00 DEBUG 13452 --- [aula-08] [http-nio-8080-exec-1] o.s.web.servlet.DispatcherServlet        : DELETE "/api/employee/deleteEmployee/11", parameters={}
2024-03-24T14:37:22.005-03:00 DEBUG 13452 --- [aula-08] [http-nio-8080-exec-1] o.s.w.s.handler.SimpleUrlHandlerMapping  : Mapped to ResourceHttpRequestHandler [classpath [META-INF/resources/], classpath [resources/], classpath [static/], classpath [public/], ServletContext [/]]
2024-03-24T14:37:22.015-03:00 DEBUG 13452 --- [aula-08] [http-nio-8080-exec-1] o.s.w.s.r.ResourceHttpRequestHandler     : Resource not found
2024-03-24T14:37:22.018-03:00 DEBUG 13452 --- [aula-08] [http-nio-8080-exec-1] .w.s.m.s.DefaultHandlerExceptionResolver : Resolved [org.springframework.web.servlet.resource.NoResourceFoundException: No static resource api/employee/deleteEmployee/11.]
2024-03-24T14:37:22.019-03:00 DEBUG 13452 --- [aula-08] [http-nio-8080-exec-1] o.s.web.servlet.DispatcherServlet        : Completed 404 NOT_FOUND
2024-03-24T14:37:22.027-03:00 DEBUG 13452 --- [aula-08] [http-nio-8080-exec-1] o.s.web.servlet.DispatcherServlet        : "ERROR" dispatch for DELETE "/error", parameters={}
2024-03-24T14:37:22.028-03:00 DEBUG 13452 --- [aula-08] [http-nio-8080-exec-1] s.w.s.m.m.a.RequestMappingHandlerMapping : Mapped to org.springframework.boot.autoconfigure.web.servlet.error.BasicErrorController#error(HttpServletRequest)
2024-03-24T14:37:22.043-03:00 DEBUG 13452 --- [aula-08] [http-nio-8080-exec-1] o.s.w.s.m.m.a.HttpEntityMethodProcessor  : Using 'application/json', given [*/*] and supported [application/json, application/*+json]
2024-03-24T14:37:22.044-03:00 DEBUG 13452 --- [aula-08] [http-nio-8080-exec-1] o.s.w.s.m.m.a.HttpEntityMethodProcessor  : Writing [{timestamp=Sun Mar 24 14:37:22 BRT 2024, status=404, error=Not Found, trace=org.springframework.web. (truncated)...]
2024-03-24T14:37:22.080-03:00 DEBUG 13452 --- [aula-08] [http-nio-8080-exec-1] o.s.web.servlet.DispatcherServlet        : Exiting from "ERROR" dispatch, status 404
2024-03-24T14:38:39.688-03:00 DEBUG 13452 --- [aula-08] [http-nio-8080-exec-4] o.s.web.servlet.DispatcherServlet        : POST "/api/employee/generateFakeEmployee/", parameters={}
2024-03-24T14:38:39.689-03:00 DEBUG 13452 --- [aula-08] [http-nio-8080-exec-4] s.w.s.m.m.a.RequestMappingHandlerMapping : Mapped to org.aula08.java_faker.controller.EmployeeController#generateFakerEmployee()
2024-03-24T14:38:39.689-03:00  INFO 13452 --- [aula-08] [http-nio-8080-exec-4] o.a.j.controller.EmployeeController      : Create a new Employee using JavaFaker data.

2024-03-24T14:38:40.390-03:00  INFO 13452 --- [aula-08] [http-nio-8080-exec-4] o.a.j.controller.EmployeeController      : Saved employee:	Employee(id=12, name=Cecille Blick, email=wendolyn.johns@yahoo.com, technicalSkill=Agriculturist, projects=null)

2024-03-24T14:38:40.390-03:00 DEBUG 13452 --- [aula-08] [http-nio-8080-exec-4] m.m.a.RequestResponseBodyMethodProcessor : Using 'text/plain', given [*/*] and supported [text/plain, */*, application/json, application/*+json]
2024-03-24T14:38:40.390-03:00 DEBUG 13452 --- [aula-08] [http-nio-8080-exec-4] m.m.a.RequestResponseBodyMethodProcessor : Writing ["Employee saved"]
2024-03-24T14:38:40.392-03:00 DEBUG 13452 --- [aula-08] [http-nio-8080-exec-4] o.s.web.servlet.DispatcherServlet        : Completed 200 OK
