2024-04-18T00:09:42.710-03:00  INFO 4464 --- [aula05_car] [restartedMain] o.a.aula05_car.Aula05CarApplication      : Starting Aula05CarApplication using Java 21.0.2 with PID 4464 (C:\Users\david\OneDrive\Área de Trabalho\Programaçao\residencia-avancado\240076-david-vinicius-pereira-lima\java-avancado\aula05_car\target\classes started by david in C:\Users\david\OneDrive\Área de Trabalho\Programaçao\residencia-avancado\240076-david-vinicius-pereira-lima\java-avancado\aula05_car)
2024-04-18T00:09:42.712-03:00  INFO 4464 --- [aula05_car] [restartedMain] o.a.aula05_car.Aula05CarApplication      : No active profile set, falling back to 1 default profile: "default"
2024-04-18T00:09:42.774-03:00  INFO 4464 --- [aula05_car] [restartedMain] .e.DevToolsPropertyDefaultsPostProcessor : Devtools property defaults active! Set 'spring.devtools.add-properties' to 'false' to disable
2024-04-18T00:09:42.774-03:00  INFO 4464 --- [aula05_car] [restartedMain] .e.DevToolsPropertyDefaultsPostProcessor : For additional web related logging consider setting the 'logging.level.web' property to 'DEBUG'
2024-04-18T00:09:44.266-03:00  INFO 4464 --- [aula05_car] [restartedMain] .s.d.r.c.RepositoryConfigurationDelegate : Bootstrapping Spring Data JPA repositories in DEFAULT mode.
2024-04-18T00:09:44.355-03:00  INFO 4464 --- [aula05_car] [restartedMain] .s.d.r.c.RepositoryConfigurationDelegate : Finished Spring Data repository scanning in 76 ms. Found 3 JPA repository interfaces.
2024-04-18T00:09:45.013-03:00  INFO 4464 --- [aula05_car] [restartedMain] o.s.b.w.embedded.tomcat.TomcatWebServer  : Tomcat initialized with port 8080 (http)
2024-04-18T00:09:45.026-03:00  INFO 4464 --- [aula05_car] [restartedMain] o.apache.catalina.core.StandardService   : Starting service [Tomcat]
2024-04-18T00:09:45.027-03:00  INFO 4464 --- [aula05_car] [restartedMain] o.apache.catalina.core.StandardEngine    : Starting Servlet engine: [Apache Tomcat/10.1.19]
2024-04-18T00:09:45.096-03:00  INFO 4464 --- [aula05_car] [restartedMain] o.a.c.c.C.[Tomcat].[localhost].[/]       : Initializing Spring embedded WebApplicationContext
2024-04-18T00:09:45.097-03:00  INFO 4464 --- [aula05_car] [restartedMain] w.s.c.ServletWebServerApplicationContext : Root WebApplicationContext: initialization completed in 2321 ms
2024-04-18T00:09:45.295-03:00  INFO 4464 --- [aula05_car] [restartedMain] o.hibernate.jpa.internal.util.LogHelper  : HHH000204: Processing PersistenceUnitInfo [name: default]
2024-04-18T00:09:45.384-03:00  INFO 4464 --- [aula05_car] [restartedMain] org.hibernate.Version                    : HHH000412: Hibernate ORM core version 6.4.4.Final
2024-04-18T00:09:45.426-03:00  INFO 4464 --- [aula05_car] [restartedMain] o.h.c.internal.RegionFactoryInitiator    : HHH000026: Second-level cache disabled
2024-04-18T00:09:45.812-03:00  INFO 4464 --- [aula05_car] [restartedMain] o.s.o.j.p.SpringPersistenceUnitInfo      : No LoadTimeWeaver setup: ignoring JPA class transformer
2024-04-18T00:09:45.884-03:00  INFO 4464 --- [aula05_car] [restartedMain] com.zaxxer.hikari.HikariDataSource       : HikariPool-1 - Starting...
2024-04-18T00:09:46.455-03:00  INFO 4464 --- [aula05_car] [restartedMain] com.zaxxer.hikari.pool.HikariPool        : HikariPool-1 - Added connection org.postgresql.jdbc.PgConnection@7265d559
2024-04-18T00:09:46.457-03:00  INFO 4464 --- [aula05_car] [restartedMain] com.zaxxer.hikari.HikariDataSource       : HikariPool-1 - Start completed.
2024-04-18T00:09:46.549-03:00  WARN 4464 --- [aula05_car] [restartedMain] org.hibernate.orm.deprecation            : HHH90000025: PostgreSQLDialect does not need to be specified explicitly using 'hibernate.dialect' (remove the property setting and it will be selected by default)
2024-04-18T00:09:47.778-03:00  INFO 4464 --- [aula05_car] [restartedMain] o.h.e.t.j.p.i.JtaPlatformInitiator       : HHH000489: No JTA platform available (set 'hibernate.transaction.jta.platform' to enable JTA platform integration)
2024-04-18T00:09:47.959-03:00  INFO 4464 --- [aula05_car] [restartedMain] j.LocalContainerEntityManagerFactoryBean : Initialized JPA EntityManagerFactory for persistence unit 'default'
2024-04-18T00:09:48.536-03:00  WARN 4464 --- [aula05_car] [restartedMain] JpaBaseConfiguration$JpaWebConfiguration : spring.jpa.open-in-view is enabled by default. Therefore, database queries may be performed during view rendering. Explicitly configure spring.jpa.open-in-view to disable this warning
2024-04-18T00:09:48.662-03:00 DEBUG 4464 --- [aula05_car] [restartedMain] s.w.s.m.m.a.RequestMappingHandlerMapping : 28 mappings in 'requestMappingHandlerMapping'
2024-04-18T00:09:48.736-03:00 DEBUG 4464 --- [aula05_car] [restartedMain] o.s.w.s.handler.SimpleUrlHandlerMapping  : Patterns [/webjars/**, /**, /swagger-ui*/*swagger-initializer.js, /swagger-ui*/**] in 'resourceHandlerMapping'
2024-04-18T00:09:48.782-03:00 DEBUG 4464 --- [aula05_car] [restartedMain] s.w.s.m.m.a.RequestMappingHandlerAdapter : ControllerAdvice beans: 0 @ModelAttribute, 0 @InitBinder, 1 RequestBodyAdvice, 1 ResponseBodyAdvice
2024-04-18T00:09:49.066-03:00 DEBUG 4464 --- [aula05_car] [restartedMain] .m.m.a.ExceptionHandlerExceptionResolver : ControllerAdvice beans: 1 @ExceptionHandler, 1 ResponseBodyAdvice
2024-04-18T00:09:49.245-03:00  INFO 4464 --- [aula05_car] [restartedMain] o.s.b.d.a.OptionalLiveReloadServer       : LiveReload server is running on port 35729
2024-04-18T00:09:49.286-03:00  INFO 4464 --- [aula05_car] [restartedMain] o.s.b.w.embedded.tomcat.TomcatWebServer  : Tomcat started on port 8080 (http) with context path ''
2024-04-18T00:09:49.296-03:00  INFO 4464 --- [aula05_car] [restartedMain] o.a.aula05_car.Aula05CarApplication      : Started Aula05CarApplication in 7.128 seconds (process running for 9.436)
2024-04-18T00:09:49.299-03:00  INFO 4464 --- [aula05_car] [restartedMain] o.a.aula05_car.Aula05CarApplication      : Application started ...
2024-04-18T00:10:33.569-03:00  INFO 4464 --- [aula05_car] [http-nio-8080-exec-2] o.a.c.c.C.[Tomcat].[localhost].[/]       : Initializing Spring DispatcherServlet 'dispatcherServlet'
2024-04-18T00:10:33.570-03:00  INFO 4464 --- [aula05_car] [http-nio-8080-exec-2] o.s.web.servlet.DispatcherServlet        : Initializing Servlet 'dispatcherServlet'
2024-04-18T00:10:33.570-03:00 DEBUG 4464 --- [aula05_car] [http-nio-8080-exec-2] o.s.web.servlet.DispatcherServlet        : Detected StandardServletMultipartResolver
2024-04-18T00:10:33.570-03:00 DEBUG 4464 --- [aula05_car] [http-nio-8080-exec-2] o.s.web.servlet.DispatcherServlet        : Detected AcceptHeaderLocaleResolver
2024-04-18T00:10:33.570-03:00 DEBUG 4464 --- [aula05_car] [http-nio-8080-exec-2] o.s.web.servlet.DispatcherServlet        : Detected FixedThemeResolver
2024-04-18T00:10:33.571-03:00 DEBUG 4464 --- [aula05_car] [http-nio-8080-exec-2] o.s.web.servlet.DispatcherServlet        : Detected org.springframework.web.servlet.view.DefaultRequestToViewNameTranslator@42f2e4ac
2024-04-18T00:10:33.572-03:00 DEBUG 4464 --- [aula05_car] [http-nio-8080-exec-2] o.s.web.servlet.DispatcherServlet        : Detected org.springframework.web.servlet.support.SessionFlashMapManager@79d48230
2024-04-18T00:10:33.572-03:00 DEBUG 4464 --- [aula05_car] [http-nio-8080-exec-2] o.s.web.servlet.DispatcherServlet        : enableLoggingRequestDetails='false': request parameters and headers will be masked to prevent unsafe logging of potentially sensitive data
2024-04-18T00:10:33.572-03:00  INFO 4464 --- [aula05_car] [http-nio-8080-exec-2] o.s.web.servlet.DispatcherServlet        : Completed initialization in 2 ms
2024-04-18T00:10:33.579-03:00 DEBUG 4464 --- [aula05_car] [http-nio-8080-exec-2] o.s.web.servlet.DispatcherServlet        : GET "/api/concessionaria/", parameters={}
2024-04-18T00:10:33.594-03:00 DEBUG 4464 --- [aula05_car] [http-nio-8080-exec-2] s.w.s.m.m.a.RequestMappingHandlerMapping : Mapped to org.aula05.aula05_car.controller.ConcessionariaController#retornaConcessionarias()
2024-04-18T00:10:33.611-03:00  INFO 4464 --- [aula05_car] [http-nio-8080-exec-2] o.a.a.c.ConcessionariaController         : Retornando lista de concessionárias
2024-04-18T00:10:33.769-03:00 DEBUG 4464 --- [aula05_car] [http-nio-8080-exec-2] m.m.a.RequestResponseBodyMethodProcessor : Using 'application/json', given [*/*] and supported [application/json]
2024-04-18T00:10:33.778-03:00 DEBUG 4464 --- [aula05_car] [http-nio-8080-exec-2] m.m.a.RequestResponseBodyMethodProcessor : Writing [[Concessionária: Brione]]
2024-04-18T00:10:33.829-03:00 DEBUG 4464 --- [aula05_car] [http-nio-8080-exec-2] o.s.web.servlet.DispatcherServlet        : Completed 200 OK
2024-04-18T00:13:16.626-03:00  INFO 4464 --- [aula05_car] [File Watcher] rtingClassPathChangeChangedEventListener : Restarting due to 17 class path changes (0 additions, 16 deletions, 1 modification)
2024-04-18T00:13:16.636-03:00  INFO 4464 --- [aula05_car] [Thread-5] j.LocalContainerEntityManagerFactoryBean : Closing JPA EntityManagerFactory for persistence unit 'default'
2024-04-18T00:13:16.640-03:00  INFO 4464 --- [aula05_car] [Thread-5] com.zaxxer.hikari.HikariDataSource       : HikariPool-1 - Shutdown initiated...
2024-04-18T00:13:16.646-03:00  INFO 4464 --- [aula05_car] [Thread-5] com.zaxxer.hikari.HikariDataSource       : HikariPool-1 - Shutdown completed.
2024-04-18T00:13:16.733-03:00  INFO 4464 --- [aula05_car] [restartedMain] o.a.aula05_car.Aula05CarApplication      : Starting Aula05CarApplication using Java 21.0.2 with PID 4464 (C:\Users\david\OneDrive\Área de Trabalho\Programaçao\residencia-avancado\240076-david-vinicius-pereira-lima\java-avancado\aula05_car\target\classes started by david in C:\Users\david\OneDrive\Área de Trabalho\Programaçao\residencia-avancado\240076-david-vinicius-pereira-lima\java-avancado\aula05_car)
2024-04-18T00:13:16.733-03:00  INFO 4464 --- [aula05_car] [restartedMain] o.a.aula05_car.Aula05CarApplication      : No active profile set, falling back to 1 default profile: "default"
2024-04-18T00:13:17.014-03:00  INFO 4464 --- [aula05_car] [restartedMain] .s.d.r.c.RepositoryConfigurationDelegate : Bootstrapping Spring Data JPA repositories in DEFAULT mode.
2024-04-18T00:13:17.018-03:00  INFO 4464 --- [aula05_car] [restartedMain] .s.d.r.c.RepositoryConfigurationDelegate : Finished Spring Data repository scanning in 3 ms. Found 0 JPA repository interfaces.
2024-04-18T00:13:17.154-03:00  INFO 4464 --- [aula05_car] [restartedMain] o.s.b.w.embedded.tomcat.TomcatWebServer  : Tomcat initialized with port 8080 (http)
2024-04-18T00:13:17.156-03:00  INFO 4464 --- [aula05_car] [restartedMain] o.apache.catalina.core.StandardService   : Starting service [Tomcat]
2024-04-18T00:13:17.156-03:00  INFO 4464 --- [aula05_car] [restartedMain] o.apache.catalina.core.StandardEngine    : Starting Servlet engine: [Apache Tomcat/10.1.19]
2024-04-18T00:13:17.177-03:00  INFO 4464 --- [aula05_car] [restartedMain] o.a.c.c.C.[Tomcat].[localhost].[/]       : Initializing Spring embedded WebApplicationContext
2024-04-18T00:13:17.177-03:00  INFO 4464 --- [aula05_car] [restartedMain] w.s.c.ServletWebServerApplicationContext : Root WebApplicationContext: initialization completed in 441 ms
2024-04-18T00:13:17.255-03:00  INFO 4464 --- [aula05_car] [restartedMain] o.hibernate.jpa.internal.util.LogHelper  : HHH000204: Processing PersistenceUnitInfo [name: default]
2024-04-18T00:13:17.258-03:00  INFO 4464 --- [aula05_car] [restartedMain] o.h.c.internal.RegionFactoryInitiator    : HHH000026: Second-level cache disabled
2024-04-18T00:13:17.266-03:00  INFO 4464 --- [aula05_car] [restartedMain] o.s.o.j.p.SpringPersistenceUnitInfo      : No LoadTimeWeaver setup: ignoring JPA class transformer
2024-04-18T00:13:17.267-03:00  INFO 4464 --- [aula05_car] [restartedMain] com.zaxxer.hikari.HikariDataSource       : HikariPool-2 - Starting...
2024-04-18T00:13:17.339-03:00  INFO 4464 --- [aula05_car] [restartedMain] com.zaxxer.hikari.pool.HikariPool        : HikariPool-2 - Added connection org.postgresql.jdbc.PgConnection@4f52d1ff
2024-04-18T00:13:17.340-03:00  INFO 4464 --- [aula05_car] [restartedMain] com.zaxxer.hikari.HikariDataSource       : HikariPool-2 - Start completed.
2024-04-18T00:13:17.349-03:00  WARN 4464 --- [aula05_car] [restartedMain] org.hibernate.orm.deprecation            : HHH90000025: PostgreSQLDialect does not need to be specified explicitly using 'hibernate.dialect' (remove the property setting and it will be selected by default)
2024-04-18T00:13:17.364-03:00  INFO 4464 --- [aula05_car] [restartedMain] o.h.e.t.j.p.i.JtaPlatformInitiator       : HHH000489: No JTA platform available (set 'hibernate.transaction.jta.platform' to enable JTA platform integration)
2024-04-18T00:13:17.364-03:00  INFO 4464 --- [aula05_car] [restartedMain] j.LocalContainerEntityManagerFactoryBean : Initialized JPA EntityManagerFactory for persistence unit 'default'
2024-04-18T00:13:17.424-03:00  WARN 4464 --- [aula05_car] [restartedMain] JpaBaseConfiguration$JpaWebConfiguration : spring.jpa.open-in-view is enabled by default. Therefore, database queries may be performed during view rendering. Explicitly configure spring.jpa.open-in-view to disable this warning
2024-04-18T00:13:17.461-03:00 DEBUG 4464 --- [aula05_car] [restartedMain] s.w.s.m.m.a.RequestMappingHandlerMapping : 6 mappings in 'requestMappingHandlerMapping'
2024-04-18T00:13:17.533-03:00 DEBUG 4464 --- [aula05_car] [restartedMain] o.s.w.s.handler.SimpleUrlHandlerMapping  : Patterns [/webjars/**, /**, /swagger-ui*/*swagger-initializer.js, /swagger-ui*/**] in 'resourceHandlerMapping'
2024-04-18T00:13:17.550-03:00 DEBUG 4464 --- [aula05_car] [restartedMain] s.w.s.m.m.a.RequestMappingHandlerAdapter : ControllerAdvice beans: 0 @ModelAttribute, 0 @InitBinder, 1 RequestBodyAdvice, 1 ResponseBodyAdvice
2024-04-18T00:13:17.555-03:00 DEBUG 4464 --- [aula05_car] [restartedMain] .m.m.a.ExceptionHandlerExceptionResolver : ControllerAdvice beans: 1 @ExceptionHandler, 1 ResponseBodyAdvice
2024-04-18T00:13:17.666-03:00  INFO 4464 --- [aula05_car] [restartedMain] o.s.b.d.a.OptionalLiveReloadServer       : LiveReload server is running on port 35729
2024-04-18T00:13:17.695-03:00  INFO 4464 --- [aula05_car] [restartedMain] o.s.b.w.embedded.tomcat.TomcatWebServer  : Tomcat started on port 8080 (http) with context path ''
2024-04-18T00:13:17.702-03:00  INFO 4464 --- [aula05_car] [restartedMain] o.a.aula05_car.Aula05CarApplication      : Started Aula05CarApplication in 1.004 seconds (process running for 217.842)
2024-04-18T00:13:17.707-03:00  INFO 4464 --- [aula05_car] [restartedMain] .ConditionEvaluationDeltaLoggingListener : Condition evaluation unchanged
2024-04-18T00:13:17.707-03:00  INFO 4464 --- [aula05_car] [restartedMain] o.a.aula05_car.Aula05CarApplication      : Application started ...
2024-04-18T00:13:19.081-03:00  INFO 4464 --- [aula05_car] [File Watcher] rtingClassPathChangeChangedEventListener : Restarting due to 16 class path changes (16 additions, 0 deletions, 0 modifications)
2024-04-18T00:13:19.086-03:00  INFO 4464 --- [aula05_car] [Thread-7] j.LocalContainerEntityManagerFactoryBean : Closing JPA EntityManagerFactory for persistence unit 'default'
2024-04-18T00:13:19.086-03:00  INFO 4464 --- [aula05_car] [Thread-7] com.zaxxer.hikari.HikariDataSource       : HikariPool-2 - Shutdown initiated...
2024-04-18T00:13:19.098-03:00  INFO 4464 --- [aula05_car] [Thread-7] com.zaxxer.hikari.HikariDataSource       : HikariPool-2 - Shutdown completed.
2024-04-18T00:13:19.183-03:00  INFO 4464 --- [aula05_car] [restartedMain] o.a.aula05_car.Aula05CarApplication      : Starting Aula05CarApplication using Java 21.0.2 with PID 4464 (C:\Users\david\OneDrive\Área de Trabalho\Programaçao\residencia-avancado\240076-david-vinicius-pereira-lima\java-avancado\aula05_car\target\classes started by david in C:\Users\david\OneDrive\Área de Trabalho\Programaçao\residencia-avancado\240076-david-vinicius-pereira-lima\java-avancado\aula05_car)
2024-04-18T00:13:19.184-03:00  INFO 4464 --- [aula05_car] [restartedMain] o.a.aula05_car.Aula05CarApplication      : No active profile set, falling back to 1 default profile: "default"
2024-04-18T00:13:19.580-03:00  INFO 4464 --- [aula05_car] [restartedMain] .s.d.r.c.RepositoryConfigurationDelegate : Bootstrapping Spring Data JPA repositories in DEFAULT mode.
2024-04-18T00:13:19.606-03:00  INFO 4464 --- [aula05_car] [restartedMain] .s.d.r.c.RepositoryConfigurationDelegate : Finished Spring Data repository scanning in 24 ms. Found 3 JPA repository interfaces.
2024-04-18T00:13:19.693-03:00  INFO 4464 --- [aula05_car] [restartedMain] o.s.b.w.embedded.tomcat.TomcatWebServer  : Tomcat initialized with port 8080 (http)
2024-04-18T00:13:19.694-03:00  INFO 4464 --- [aula05_car] [restartedMain] o.apache.catalina.core.StandardService   : Starting service [Tomcat]
2024-04-18T00:13:19.694-03:00  INFO 4464 --- [aula05_car] [restartedMain] o.apache.catalina.core.StandardEngine    : Starting Servlet engine: [Apache Tomcat/10.1.19]
2024-04-18T00:13:19.712-03:00  INFO 4464 --- [aula05_car] [restartedMain] o.a.c.c.C.[Tomcat].[localhost].[/]       : Initializing Spring embedded WebApplicationContext
2024-04-18T00:13:19.712-03:00  INFO 4464 --- [aula05_car] [restartedMain] w.s.c.ServletWebServerApplicationContext : Root WebApplicationContext: initialization completed in 526 ms
2024-04-18T00:13:19.746-03:00  INFO 4464 --- [aula05_car] [restartedMain] o.hibernate.jpa.internal.util.LogHelper  : HHH000204: Processing PersistenceUnitInfo [name: default]
2024-04-18T00:13:19.750-03:00  INFO 4464 --- [aula05_car] [restartedMain] o.h.c.internal.RegionFactoryInitiator    : HHH000026: Second-level cache disabled
2024-04-18T00:13:19.755-03:00  INFO 4464 --- [aula05_car] [restartedMain] o.s.o.j.p.SpringPersistenceUnitInfo      : No LoadTimeWeaver setup: ignoring JPA class transformer
2024-04-18T00:13:19.756-03:00  INFO 4464 --- [aula05_car] [restartedMain] com.zaxxer.hikari.HikariDataSource       : HikariPool-3 - Starting...
2024-04-18T00:13:19.825-03:00  INFO 4464 --- [aula05_car] [restartedMain] com.zaxxer.hikari.pool.HikariPool        : HikariPool-3 - Added connection org.postgresql.jdbc.PgConnection@39ee8228
2024-04-18T00:13:19.826-03:00  INFO 4464 --- [aula05_car] [restartedMain] com.zaxxer.hikari.HikariDataSource       : HikariPool-3 - Start completed.
2024-04-18T00:13:19.835-03:00  WARN 4464 --- [aula05_car] [restartedMain] org.hibernate.orm.deprecation            : HHH90000025: PostgreSQLDialect does not need to be specified explicitly using 'hibernate.dialect' (remove the property setting and it will be selected by default)
2024-04-18T00:13:19.914-03:00  INFO 4464 --- [aula05_car] [restartedMain] o.h.e.t.j.p.i.JtaPlatformInitiator       : HHH000489: No JTA platform available (set 'hibernate.transaction.jta.platform' to enable JTA platform integration)
2024-04-18T00:13:19.991-03:00  INFO 4464 --- [aula05_car] [restartedMain] j.LocalContainerEntityManagerFactoryBean : Initialized JPA EntityManagerFactory for persistence unit 'default'
2024-04-18T00:13:20.165-03:00  WARN 4464 --- [aula05_car] [restartedMain] JpaBaseConfiguration$JpaWebConfiguration : spring.jpa.open-in-view is enabled by default. Therefore, database queries may be performed during view rendering. Explicitly configure spring.jpa.open-in-view to disable this warning
2024-04-18T00:13:20.221-03:00 DEBUG 4464 --- [aula05_car] [restartedMain] s.w.s.m.m.a.RequestMappingHandlerMapping : 28 mappings in 'requestMappingHandlerMapping'
2024-04-18T00:13:20.261-03:00 DEBUG 4464 --- [aula05_car] [restartedMain] o.s.w.s.handler.SimpleUrlHandlerMapping  : Patterns [/webjars/**, /**, /swagger-ui*/*swagger-initializer.js, /swagger-ui*/**] in 'resourceHandlerMapping'
2024-04-18T00:13:20.271-03:00 DEBUG 4464 --- [aula05_car] [restartedMain] s.w.s.m.m.a.RequestMappingHandlerAdapter : ControllerAdvice beans: 0 @ModelAttribute, 0 @InitBinder, 1 RequestBodyAdvice, 1 ResponseBodyAdvice
2024-04-18T00:13:20.276-03:00 DEBUG 4464 --- [aula05_car] [restartedMain] .m.m.a.ExceptionHandlerExceptionResolver : ControllerAdvice beans: 1 @ExceptionHandler, 1 ResponseBodyAdvice
2024-04-18T00:13:20.352-03:00  INFO 4464 --- [aula05_car] [restartedMain] o.s.b.d.a.OptionalLiveReloadServer       : LiveReload server is running on port 35729
2024-04-18T00:13:20.366-03:00  INFO 4464 --- [aula05_car] [restartedMain] o.s.b.w.embedded.tomcat.TomcatWebServer  : Tomcat started on port 8080 (http) with context path ''
2024-04-18T00:13:20.373-03:00  INFO 4464 --- [aula05_car] [restartedMain] o.a.aula05_car.Aula05CarApplication      : Started Aula05CarApplication in 1.225 seconds (process running for 220.513)
2024-04-18T00:13:20.375-03:00  INFO 4464 --- [aula05_car] [restartedMain] .ConditionEvaluationDeltaLoggingListener : Condition evaluation unchanged
2024-04-18T00:13:20.377-03:00  INFO 4464 --- [aula05_car] [restartedMain] o.a.aula05_car.Aula05CarApplication      : Application started ...
2024-04-18T00:13:33.032-03:00  INFO 4464 --- [aula05_car] [http-nio-8080-exec-2] o.a.c.c.C.[Tomcat].[localhost].[/]       : Initializing Spring DispatcherServlet 'dispatcherServlet'
2024-04-18T00:13:33.032-03:00  INFO 4464 --- [aula05_car] [http-nio-8080-exec-2] o.s.web.servlet.DispatcherServlet        : Initializing Servlet 'dispatcherServlet'
2024-04-18T00:13:33.032-03:00 DEBUG 4464 --- [aula05_car] [http-nio-8080-exec-2] o.s.web.servlet.DispatcherServlet        : Detected StandardServletMultipartResolver
2024-04-18T00:13:33.032-03:00 DEBUG 4464 --- [aula05_car] [http-nio-8080-exec-2] o.s.web.servlet.DispatcherServlet        : Detected AcceptHeaderLocaleResolver
2024-04-18T00:13:33.032-03:00 DEBUG 4464 --- [aula05_car] [http-nio-8080-exec-2] o.s.web.servlet.DispatcherServlet        : Detected FixedThemeResolver
2024-04-18T00:13:33.033-03:00 DEBUG 4464 --- [aula05_car] [http-nio-8080-exec-2] o.s.web.servlet.DispatcherServlet        : Detected org.springframework.web.servlet.view.DefaultRequestToViewNameTranslator@5c977784
2024-04-18T00:13:33.033-03:00 DEBUG 4464 --- [aula05_car] [http-nio-8080-exec-2] o.s.web.servlet.DispatcherServlet        : Detected org.springframework.web.servlet.support.SessionFlashMapManager@45584ced
2024-04-18T00:13:33.033-03:00 DEBUG 4464 --- [aula05_car] [http-nio-8080-exec-2] o.s.web.servlet.DispatcherServlet        : enableLoggingRequestDetails='false': request parameters and headers will be masked to prevent unsafe logging of potentially sensitive data
2024-04-18T00:13:33.033-03:00  INFO 4464 --- [aula05_car] [http-nio-8080-exec-2] o.s.web.servlet.DispatcherServlet        : Completed initialization in 1 ms
2024-04-18T00:13:33.033-03:00 DEBUG 4464 --- [aula05_car] [http-nio-8080-exec-2] o.s.web.servlet.DispatcherServlet        : GET "/api/servico/", parameters={}
2024-04-18T00:13:33.034-03:00 DEBUG 4464 --- [aula05_car] [http-nio-8080-exec-2] s.w.s.m.m.a.RequestMappingHandlerMapping : Mapped to org.aula05.aula05_car.controller.ServicoController#retornaServicos()
2024-04-18T00:13:33.035-03:00  INFO 4464 --- [aula05_car] [http-nio-8080-exec-2] o.a.a.controller.ServicoController       : Retornando todos os serviços
2024-04-18T00:13:33.039-03:00 DEBUG 4464 --- [aula05_car] [http-nio-8080-exec-2] m.m.a.RequestResponseBodyMethodProcessor : Using 'application/json', given [*/*] and supported [application/json]
2024-04-18T00:13:33.040-03:00 DEBUG 4464 --- [aula05_car] [http-nio-8080-exec-2] m.m.a.RequestResponseBodyMethodProcessor : Writing [[]]
2024-04-18T00:13:33.042-03:00 DEBUG 4464 --- [aula05_car] [http-nio-8080-exec-2] o.s.web.servlet.DispatcherServlet        : Completed 200 OK
2024-04-18T00:14:15.192-03:00 DEBUG 4464 --- [aula05_car] [http-nio-8080-exec-6] o.s.web.servlet.DispatcherServlet        : POST "/api/servico/", parameters={}
2024-04-18T00:14:15.192-03:00 DEBUG 4464 --- [aula05_car] [http-nio-8080-exec-6] s.w.s.m.m.a.RequestMappingHandlerMapping : Mapped to org.aula05.aula05_car.controller.ServicoController#inserirServico(ServicoForm, UriComponentsBuilder)
2024-04-18T00:14:15.223-03:00 DEBUG 4464 --- [aula05_car] [http-nio-8080-exec-6] m.m.a.RequestResponseBodyMethodProcessor : Read "application/json;charset=UTF-8" to []
2024-04-18T00:14:15.225-03:00  WARN 4464 --- [aula05_car] [http-nio-8080-exec-6] .w.s.m.s.DefaultHandlerExceptionResolver : Resolved [org.springframework.http.converter.HttpMessageNotReadableException: Required request body is missing: public org.springframework.http.ResponseEntity<?> org.aula05.aula05_car.controller.ServicoController.inserirServico(org.aula05.aula05_car.controller.form.ServicoForm,org.springframework.web.util.UriComponentsBuilder)]
2024-04-18T00:14:15.225-03:00 DEBUG 4464 --- [aula05_car] [http-nio-8080-exec-6] o.s.web.servlet.DispatcherServlet        : Completed 400 BAD_REQUEST
2024-04-18T00:14:15.231-03:00 DEBUG 4464 --- [aula05_car] [http-nio-8080-exec-6] o.s.web.servlet.DispatcherServlet        : "ERROR" dispatch for POST "/error", parameters={}
2024-04-18T00:14:15.233-03:00 DEBUG 4464 --- [aula05_car] [http-nio-8080-exec-6] s.w.s.m.m.a.RequestMappingHandlerMapping : Mapped to org.springframework.boot.autoconfigure.web.servlet.error.BasicErrorController#error(HttpServletRequest)
2024-04-18T00:14:15.239-03:00 DEBUG 4464 --- [aula05_car] [http-nio-8080-exec-6] o.s.w.s.m.m.a.HttpEntityMethodProcessor  : Using 'application/json', given [*/*] and supported [application/json, application/*+json]
2024-04-18T00:14:15.240-03:00 DEBUG 4464 --- [aula05_car] [http-nio-8080-exec-6] o.s.w.s.m.m.a.HttpEntityMethodProcessor  : Writing [{timestamp=Thu Apr 18 00:14:15 BRT 2024, status=400, error=Bad Request, trace=org.springframework.ht (truncated)...]
2024-04-18T00:14:15.249-03:00 DEBUG 4464 --- [aula05_car] [http-nio-8080-exec-6] o.s.web.servlet.DispatcherServlet        : Exiting from "ERROR" dispatch, status 400
2024-04-18T00:16:26.060-03:00 DEBUG 4464 --- [aula05_car] [http-nio-8080-exec-4] o.s.web.servlet.DispatcherServlet        : POST "/api/servico/", parameters={}
2024-04-18T00:16:26.061-03:00 DEBUG 4464 --- [aula05_car] [http-nio-8080-exec-4] s.w.s.m.m.a.RequestMappingHandlerMapping : Mapped to org.aula05.aula05_car.controller.ServicoController#inserirServico(ServicoForm, UriComponentsBuilder)
2024-04-18T00:16:26.079-03:00 DEBUG 4464 --- [aula05_car] [http-nio-8080-exec-4] o.s.web.method.HandlerMethod             : Could not resolve parameter [0] in public org.springframework.http.ResponseEntity<?> org.aula05.aula05_car.controller.ServicoController.inserirServico(org.aula05.aula05_car.controller.form.ServicoForm,org.springframework.web.util.UriComponentsBuilder): JSON parse error: Cannot deserialize value of type `java.lang.Long` from String "150.0": not a valid `java.lang.Long` value
2024-04-18T00:16:26.080-03:00  WARN 4464 --- [aula05_car] [http-nio-8080-exec-4] .w.s.m.s.DefaultHandlerExceptionResolver : Resolved [org.springframework.http.converter.HttpMessageNotReadableException: JSON parse error: Cannot deserialize value of type `java.lang.Long` from String "150.0": not a valid `java.lang.Long` value]
2024-04-18T00:16:26.080-03:00 DEBUG 4464 --- [aula05_car] [http-nio-8080-exec-4] o.s.web.servlet.DispatcherServlet        : Completed 400 BAD_REQUEST
2024-04-18T00:16:26.080-03:00 DEBUG 4464 --- [aula05_car] [http-nio-8080-exec-4] o.s.web.servlet.DispatcherServlet        : "ERROR" dispatch for POST "/error", parameters={}
2024-04-18T00:16:26.081-03:00 DEBUG 4464 --- [aula05_car] [http-nio-8080-exec-4] s.w.s.m.m.a.RequestMappingHandlerMapping : Mapped to org.springframework.boot.autoconfigure.web.servlet.error.BasicErrorController#error(HttpServletRequest)
2024-04-18T00:16:26.082-03:00 DEBUG 4464 --- [aula05_car] [http-nio-8080-exec-4] o.s.w.s.m.m.a.HttpEntityMethodProcessor  : Using 'application/json', given [*/*] and supported [application/json, application/*+json]
2024-04-18T00:16:26.083-03:00 DEBUG 4464 --- [aula05_car] [http-nio-8080-exec-4] o.s.w.s.m.m.a.HttpEntityMethodProcessor  : Writing [{timestamp=Thu Apr 18 00:16:26 BRT 2024, status=400, error=Bad Request, trace=org.springframework.ht (truncated)...]
2024-04-18T00:16:26.083-03:00 DEBUG 4464 --- [aula05_car] [http-nio-8080-exec-4] o.s.web.servlet.DispatcherServlet        : Exiting from "ERROR" dispatch, status 400
2024-04-18T00:16:33.455-03:00 DEBUG 4464 --- [aula05_car] [http-nio-8080-exec-5] o.s.web.servlet.DispatcherServlet        : POST "/api/servico/", parameters={}
2024-04-18T00:16:33.456-03:00 DEBUG 4464 --- [aula05_car] [http-nio-8080-exec-5] s.w.s.m.m.a.RequestMappingHandlerMapping : Mapped to org.aula05.aula05_car.controller.ServicoController#inserirServico(ServicoForm, UriComponentsBuilder)
2024-04-18T00:16:33.456-03:00 DEBUG 4464 --- [aula05_car] [http-nio-8080-exec-5] m.m.a.RequestResponseBodyMethodProcessor : Read "application/json;charset=UTF-8" to [org.aula05.aula05_car.controller.form.ServicoForm@3278072a]
2024-04-18T00:16:33.487-03:00  INFO 4464 --- [aula05_car] [http-nio-8080-exec-5] o.a.a.controller.ServicoController       : Inserindo serviço
2024-04-18T00:16:33.536-03:00 DEBUG 4464 --- [aula05_car] [http-nio-8080-exec-5] o.s.web.servlet.DispatcherServlet        : Completed 200 OK
2024-04-18T00:17:02.994-03:00 DEBUG 4464 --- [aula05_car] [http-nio-8080-exec-10] o.s.web.servlet.DispatcherServlet        : GET "/api/servico/", parameters={}
2024-04-18T00:17:02.995-03:00 DEBUG 4464 --- [aula05_car] [http-nio-8080-exec-10] s.w.s.m.m.a.RequestMappingHandlerMapping : Mapped to org.aula05.aula05_car.controller.ServicoController#retornaServicos()
2024-04-18T00:17:02.996-03:00  INFO 4464 --- [aula05_car] [http-nio-8080-exec-10] o.a.a.controller.ServicoController       : Retornando todos os serviços
2024-04-18T00:17:02.999-03:00 DEBUG 4464 --- [aula05_car] [http-nio-8080-exec-10] m.m.a.RequestResponseBodyMethodProcessor : Using 'application/json', given [*/*] and supported [application/json]
2024-04-18T00:17:02.999-03:00 DEBUG 4464 --- [aula05_car] [http-nio-8080-exec-10] m.m.a.RequestResponseBodyMethodProcessor : Writing [[org.aula05.aula05_car.controller.dto.ServicoDTO@4503131b]]
2024-04-18T00:17:03.001-03:00 DEBUG 4464 --- [aula05_car] [http-nio-8080-exec-10] o.s.web.servlet.DispatcherServlet        : Completed 200 OK
2024-04-18T00:17:08.525-03:00  INFO 4464 --- [aula05_car] [SpringApplicationShutdownHook] j.LocalContainerEntityManagerFactoryBean : Closing JPA EntityManagerFactory for persistence unit 'default'
2024-04-18T00:17:08.526-03:00  INFO 4464 --- [aula05_car] [SpringApplicationShutdownHook] com.zaxxer.hikari.HikariDataSource       : HikariPool-3 - Shutdown initiated...
2024-04-18T00:17:08.528-03:00  INFO 4464 --- [aula05_car] [SpringApplicationShutdownHook] com.zaxxer.hikari.HikariDataSource       : HikariPool-3 - Shutdown completed.
