[debug] [2024-03-16T13:44:35.644Z] ----------------------------------------------------------------------
[debug] [2024-03-16T13:44:35.645Z] Command:       C:\Program Files\nodejs\node.exe C:\Users\00989352595\AppData\Roaming\npm\node_modules\firebase-tools\lib\bin\firebase.js init
[debug] [2024-03-16T13:44:35.646Z] CLI Version:   13.5.1
[debug] [2024-03-16T13:44:35.646Z] Platform:      win32
[debug] [2024-03-16T13:44:35.646Z] Node Version:  v21.1.0
[debug] [2024-03-16T13:44:35.646Z] Time:          Sat Mar 16 2024 10:44:35 GMT-0300 (Horário Padrão de Brasília)
[debug] [2024-03-16T13:44:35.646Z] ----------------------------------------------------------------------
[debug] 
[debug] [2024-03-16T13:44:35.688Z] > command requires scopes: ["email","openid","https://www.googleapis.com/auth/cloudplatformprojects.readonly","https://www.googleapis.com/auth/firebase","https://www.googleapis.com/auth/cloud-platform"]
[debug] [2024-03-16T13:44:35.688Z] > authorizing via signed-in user (daviddemolidor.dvpl@gmail.com)
[info] 
     ######## #### ########  ######## ########     ###     ######  ########
     ##        ##  ##     ## ##       ##     ##  ##   ##  ##       ##
     ######    ##  ########  ######   ########  #########  ######  ######
     ##        ##  ##    ##  ##       ##     ## ##     ##       ## ##
     ##       #### ##     ## ######## ########  ##     ##  ######  ########

You're about to initialize a Firebase project in this directory:

  C:\Users\00989352595\Documents\240076-david-vinicius-pereira-lima\front-end-avancado\aula-04\TIC18_frontend\suinapp

Before we get started, keep in mind:

  * You are initializing within an existing Firebase project directory

[info] 
=== Project Setup
[info] 
[info] First, let's associate this project directory with a Firebase project.
[info] You can create multiple project aliases by running firebase use --add, 
[info] but for now we'll just set up a default project.
[info] 
[debug] [2024-03-16T13:44:42.533Z] Using project from CLI flag: suinofarm
[debug] [2024-03-16T13:44:42.534Z] >>> [apiv2][query] GET https://firebase.googleapis.com/v1beta1/projects/suinofarm [none]
[debug] [2024-03-16T13:44:43.014Z] <<< [apiv2][status] GET https://firebase.googleapis.com/v1beta1/projects/suinofarm 403
[debug] [2024-03-16T13:44:43.014Z] <<< [apiv2][body] GET https://firebase.googleapis.com/v1beta1/projects/suinofarm {"error":{"code":403,"message":"The caller does not have permission","status":"PERMISSION_DENIED"}}
[debug] [2024-03-16T13:44:43.014Z] HTTP Error: 403, The caller does not have permission
[debug] [2024-03-16T13:44:43.203Z] FirebaseError: HTTP Error: 403, The caller does not have permission
    at responseToError (C:\Users\00989352595\AppData\Roaming\npm\node_modules\firebase-tools\lib\responseToError.js:49:12)
    at RetryOperation._fn (C:\Users\00989352595\AppData\Roaming\npm\node_modules\firebase-tools\lib\apiv2.js:297:77)
    at process.processTicksAndRejections (node:internal/process/task_queues:95:5)
[error] 
[error] Error: Failed to get Firebase project suinofarm. Please make sure the project exists and your account has permission to access it.
